2021-03-30 14:07:05.3885 Info Message Template Auto Format enabled
2021-03-30 14:07:05.4171 Info Loading assembly: NLog.Web.AspNetCore
2021-03-30 14:07:05.5051 Info Adding target FileTarget(Name=debug-all)
2021-03-30 14:07:05.5051 Info Adding target ConsoleTarget(Name=Console)
2021-03-30 14:07:05.5794 Info Validating config: TargetNames=debug-all, Console, ConfigItems=28, FilePath=F:\Projects\Github\THSRLazyBird\THSRCrawler\bin\Debug\net5.0\NLog.config
info: LexLibrary.Line.NotifyBot.LineNotifyBotApi[0]
      {"Guid":"3af441a3-a4d1-4711-91d5-9ae06f6ce5f2","Url":null,"Method":{"Method":"POST"},"Headers":[{"Key":"Authorization","Value":["Bearer GlGQ0MWesGjJH60qGeOFaoOmnQDiWl8QCSS7ZiMV8Xs"]}],"Content":{"Headers":[{"Key":"Content-Type","Value":["application/x-www-form-urlencoded"]}]},"Query":{"message":"\r\n\r\n:\r\n搶票模式設定為 2021/03/30 11:24:30 啟動\r\n搶票模式已啟動"}}
2021-03-30 Info 此訂位代號:02914766 無法變更行程
2021-03-30 Info User profile is available. Using 'C:\Users\yich.lin\AppData\Local\ASP.NET\DataProtection-Keys' as key repository and Windows DPAPI to encrypt keys at rest.
2021-03-30 Info Start running `THSRCrawler.ModifyTripJob` task @ 2021/3/30 上午 06:10:08.
2021-03-30 Info Start running `THSRCrawler.ModifyTripJob` task @ 2021/3/30 上午 06:10:08.
2021-03-30 Info Ignoring `THSRCrawler.ModifyTripJob` task. It's still running.
2021-03-30 Info Ignoring `THSRCrawler.ModifyTripJob` task. It's still running.
2021-03-30 Info Ignoring `THSRCrawler.ModifyTripJob` task. It's still running.
2021-03-30 Info Application started. Press Ctrl+C to shut down.
2021-03-30 Info Hosting environment: Development
2021-03-30 Info Content root path: F:\Projects\Github\THSRLazyBird\THSRCrawler
2021-03-30 Info Request starting HTTP/2 GET https://localhost:44312/ - -
2021-03-30 Info Executing endpoint 'THSRCrawler.HomeController.Index (THSRCrawler)'
2021-03-30 Info Route matched with {action = "Index", controller = "Home"}. Executing controller action with signature System.Threading.Tasks.Task`1[Microsoft.AspNetCore.Mvc.IActionResult] Index(System.String) on controller THSRCrawler.HomeController (THSRCrawler).
2021-03-30 Info 此訂位代號:02914766 無法變更行程
2021-03-30 Info Finished running `THSRCrawler.ModifyTripJob` task @ 2021/3/30 上午 06:10:08.
2021-03-30 Info 此訂位代號:02914766 無法變更行程
2021-03-30 Info Finished running `THSRCrawler.ModifyTripJob` task @ 2021/3/30 上午 06:10:08.
2021-03-30 Info Executing ViewResult, running view Index.
2021-03-30 Info Executed ViewResult - view Index executed in 266.805ms.
2021-03-30 Info Executed action THSRCrawler.HomeController.Index (THSRCrawler) in 539.5324ms
2021-03-30 Info Executed endpoint 'THSRCrawler.HomeController.Index (THSRCrawler)'
2021-03-30 Info Request finished HTTP/2 GET https://localhost:44312/ - - - 200 - text/html;+charset=utf-8 674.7151ms
2021-03-30 Info Start running `THSRCrawler.ModifyTripJob` task @ 2021/3/30 上午 06:10:14.
2021-03-30 Info Request starting HTTP/2 GET https://localhost:44312/favicon.ico - -
2021-03-30 Info Request finished HTTP/2 GET https://localhost:44312/favicon.ico - - - 404 - - 13.5119ms
2021-03-30 Info Ignoring `THSRCrawler.ModifyTripJob` task. It's still running.
2021-03-30 14:10:15.8328 Info FileTarget(Name=debug-all): Archiving F:\Projects\Github\THSRLazyBird\THSRCrawler\bin\Debug\net5.0\logs\AppLog.2021-03-30.txt to F:\Projects\Github\THSRLazyBird\THSRCrawler\bin\Debug\net5.0\logs\AppLog.2021-03-30.0.txt
2021-03-30 Info 此訂位代號:02914766 無法變更行程
2021-03-30 Info Finished running `THSRCrawler.ModifyTripJob` task @ 2021/3/30 上午 06:10:14.
2021-03-30 Info Start running `THSRCrawler.ModifyTripJob` task @ 2021/3/30 上午 06:10:16.
2021-03-30 Info 此訂位代號:02914766 無法變更行程
2021-03-30 Info Finished running `THSRCrawler.ModifyTripJob` task @ 2021/3/30 上午 06:10:16.
2021-03-30 Info Start running `THSRCrawler.ModifyTripJob` task @ 2021/3/30 上午 06:10:17.
2021-03-30 Info 此訂位代號:02914766 無法變更行程
2021-03-30 Info Finished running `THSRCrawler.ModifyTripJob` task @ 2021/3/30 上午 06:10:17.
2021-03-30 Info Start running `THSRCrawler.ModifyTripJob` task @ 2021/3/30 上午 06:10:18.
2021-03-30 Info Ignoring `THSRCrawler.ModifyTripJob` task. It's still running.
2021-03-30 Info Ignoring `THSRCrawler.ModifyTripJob` task. It's still running.
2021-03-30 Info 此訂位代號:02914766 無法變更行程
2021-03-30 Info Finished running `THSRCrawler.ModifyTripJob` task @ 2021/3/30 上午 06:10:18.
2021-03-30 Info Start running `THSRCrawler.ModifyTripJob` task @ 2021/3/30 上午 06:10:21.
2021-03-30 Info 此訂位代號:02914766 無法變更行程
2021-03-30 Info Finished running `THSRCrawler.ModifyTripJob` task @ 2021/3/30 上午 06:10:21.
2021-03-30 Info Start running `THSRCrawler.ModifyTripJob` task @ 2021/3/30 上午 06:10:22.
2021-03-30 Info 此訂位代號:02914766 無法變更行程
2021-03-30 Info Finished running `THSRCrawler.ModifyTripJob` task @ 2021/3/30 上午 06:10:22.
2021-03-30 Info Start running `THSRCrawler.ModifyTripJob` task @ 2021/3/30 上午 06:10:23.
2021-03-30 Info 此訂位代號:02914766 無法變更行程
2021-03-30 Info Finished running `THSRCrawler.ModifyTripJob` task @ 2021/3/30 上午 06:10:23.
2021-03-30 Info Start running `THSRCrawler.ModifyTripJob` task @ 2021/3/30 上午 06:10:24.
2021-03-30 Info 此訂位代號:02914766 無法變更行程
2021-03-30 Info Finished running `THSRCrawler.ModifyTripJob` task @ 2021/3/30 上午 06:10:24.
2021-03-30 Info Start running `THSRCrawler.ModifyTripJob` task @ 2021/3/30 上午 06:10:25.
2021-03-30 Info 此訂位代號:02914766 無法變更行程
2021-03-30 Info Finished running `THSRCrawler.ModifyTripJob` task @ 2021/3/30 上午 06:10:25.
2021-03-30 Info Start running `THSRCrawler.ModifyTripJob` task @ 2021/3/30 上午 06:10:26.
2021-03-30 Info 此訂位代號:02914766 無法變更行程
2021-03-30 Info Finished running `THSRCrawler.ModifyTripJob` task @ 2021/3/30 上午 06:10:26.
2021-03-30 Info Start running `THSRCrawler.ModifyTripJob` task @ 2021/3/30 上午 06:10:27.
2021-03-30 Info 此訂位代號:02914766 無法變更行程
2021-03-30 Info Finished running `THSRCrawler.ModifyTripJob` task @ 2021/3/30 上午 06:10:27.
2021-03-30 Info Start running `THSRCrawler.ModifyTripJob` task @ 2021/3/30 上午 06:10:28.
2021-03-30 Info 此訂位代號:02914766 無法變更行程
2021-03-30 Info Finished running `THSRCrawler.ModifyTripJob` task @ 2021/3/30 上午 06:10:28.
2021-03-30 Info Start running `THSRCrawler.ModifyTripJob` task @ 2021/3/30 上午 06:10:29.
2021-03-30 Info 此訂位代號:02914766 無法變更行程
2021-03-30 Info Finished running `THSRCrawler.ModifyTripJob` task @ 2021/3/30 上午 06:10:29.
2021-03-30 Info Start running `THSRCrawler.ModifyTripJob` task @ 2021/3/30 上午 06:10:30.
2021-03-30 Info Ignoring `THSRCrawler.ModifyTripJob` task. It's still running.
2021-03-30 Info Ignoring `THSRCrawler.ModifyTripJob` task. It's still running.
2021-03-30 Info Ignoring `THSRCrawler.ModifyTripJob` task. It's still running.
2021-03-30 Info Ignoring `THSRCrawler.ModifyTripJob` task. It's still running.
2021-03-30 Info Ignoring `THSRCrawler.ModifyTripJob` task. It's still running.
2021-03-30 Info Ignoring `THSRCrawler.ModifyTripJob` task. It's still running.
2021-03-30 Info Ignoring `THSRCrawler.ModifyTripJob` task. It's still running.
2021-03-30 Info Ignoring `THSRCrawler.ModifyTripJob` task. It's still running.
2021-03-30 Info Ignoring `THSRCrawler.ModifyTripJob` task. It's still running.
2021-03-30 Info Ignoring `THSRCrawler.ModifyTripJob` task. It's still running.
2021-03-30 Info Ignoring `THSRCrawler.ModifyTripJob` task. It's still running.
2021-03-30 Info Ignoring `THSRCrawler.ModifyTripJob` task. It's still running.
2021-03-30 Info Ignoring `THSRCrawler.ModifyTripJob` task. It's still running.
2021-03-30 Info Ignoring `THSRCrawler.ModifyTripJob` task. It's still running.
2021-03-30 Info Ignoring `THSRCrawler.ModifyTripJob` task. It's still running.
2021-03-30 Info Ignoring `THSRCrawler.ModifyTripJob` task. It's still running.
2021-03-30 Info Ignoring `THSRCrawler.ModifyTripJob` task. It's still running.
2021-03-30 Info Ignoring `THSRCrawler.ModifyTripJob` task. It's still running.
2021-03-30 Info Ignoring `THSRCrawler.ModifyTripJob` task. It's still running.
2021-03-30 Info Ignoring `THSRCrawler.ModifyTripJob` task. It's still running.
2021-03-30 Info Ignoring `THSRCrawler.ModifyTripJob` task. It's still running.
2021-03-30 Info Ignoring `THSRCrawler.ModifyTripJob` task. It's still running.
2021-03-30 Info Ignoring `THSRCrawler.ModifyTripJob` task. It's still running.
2021-03-30 Info Ignoring `THSRCrawler.ModifyTripJob` task. It's still running.
2021-03-30 Info Ignoring `THSRCrawler.ModifyTripJob` task. It's still running.
2021-03-30 Info Ignoring `THSRCrawler.ModifyTripJob` task. It's still running.
2021-03-30 Info Ignoring `THSRCrawler.ModifyTripJob` task. It's still running.
2021-03-30 Info Ignoring `THSRCrawler.ModifyTripJob` task. It's still running.
2021-03-30 Info Ignoring `THSRCrawler.ModifyTripJob` task. It's still running.
2021-03-30 14:11:00.6451 Info FileTarget(Name=debug-all): Archiving F:\Projects\Github\THSRLazyBird\THSRCrawler\bin\Debug\net5.0\logs\AppLog.2021-03-30.txt to F:\Projects\Github\THSRLazyBird\THSRCrawler\bin\Debug\net5.0\logs\AppLog.2021-03-30.1.txt
2021-03-30 Info Ignoring `THSRCrawler.ModifyTripJob` task. It's still running.
2021-03-30 Info Ignoring `THSRCrawler.ModifyTripJob` task. It's still running.
2021-03-30 Info Ignoring `THSRCrawler.ModifyTripJob` task. It's still running.
2021-03-30 Info Ignoring `THSRCrawler.ModifyTripJob` task. It's still running.
2021-03-30 Info Ignoring `THSRCrawler.ModifyTripJob` task. It's still running.
2021-03-30 Info Ignoring `THSRCrawler.ModifyTripJob` task. It's still running.
2021-03-30 Info Ignoring `THSRCrawler.ModifyTripJob` task. It's still running.
2021-03-30 Info Ignoring `THSRCrawler.ModifyTripJob` task. It's still running.
2021-03-30 Info Ignoring `THSRCrawler.ModifyTripJob` task. It's still running.
2021-03-30 Info Ignoring `THSRCrawler.ModifyTripJob` task. It's still running.
2021-03-30 Info Ignoring `THSRCrawler.ModifyTripJob` task. It's still running.
2021-03-30 Info Ignoring `THSRCrawler.ModifyTripJob` task. It's still running.
2021-03-30 Info Ignoring `THSRCrawler.ModifyTripJob` task. It's still running.
2021-03-30 Info Ignoring `THSRCrawler.ModifyTripJob` task. It's still running.
2021-03-30 Info Ignoring `THSRCrawler.ModifyTripJob` task. It's still running.
2021-03-30 Info Ignoring `THSRCrawler.ModifyTripJob` task. It's still running.
2021-03-30 Info Ignoring `THSRCrawler.ModifyTripJob` task. It's still running.
2021-03-30 Info Ignoring `THSRCrawler.ModifyTripJob` task. It's still running.
2021-03-30 Info Ignoring `THSRCrawler.ModifyTripJob` task. It's still running.
2021-03-30 Info Ignoring `THSRCrawler.ModifyTripJob` task. It's still running.
2021-03-30 Info Ignoring `THSRCrawler.ModifyTripJob` task. It's still running.
2021-03-30 Info Ignoring `THSRCrawler.ModifyTripJob` task. It's still running.
2021-03-30 Info Ignoring `THSRCrawler.ModifyTripJob` task. It's still running.
2021-03-30 Info Ignoring `THSRCrawler.ModifyTripJob` task. It's still running.
2021-03-30 Info Ignoring `THSRCrawler.ModifyTripJob` task. It's still running.
2021-03-30 Info Ignoring `THSRCrawler.ModifyTripJob` task. It's still running.
2021-03-30 Info Ignoring `THSRCrawler.ModifyTripJob` task. It's still running.
2021-03-30 Info Ignoring `THSRCrawler.ModifyTripJob` task. It's still running.
2021-03-30 Info Ignoring `THSRCrawler.ModifyTripJob` task. It's still running.
2021-03-30 Info Ignoring `THSRCrawler.ModifyTripJob` task. It's still running.
2021-03-30 Info Ignoring `THSRCrawler.ModifyTripJob` task. It's still running.
2021-03-30 Info Ignoring `THSRCrawler.ModifyTripJob` task. It's still running.
2021-03-30 Info Ignoring `THSRCrawler.ModifyTripJob` task. It's still running.
2021-03-30 Info Ignoring `THSRCrawler.ModifyTripJob` task. It's still running.
2021-03-30 Info Ignoring `THSRCrawler.ModifyTripJob` task. It's still running.
2021-03-30 Info Ignoring `THSRCrawler.ModifyTripJob` task. It's still running.
2021-03-30 Info Ignoring