2021-03-30 10:44:49.2246 Info Message Template Auto Format enabled
2021-03-30 10:44:49.3235 Info Loading assembly: NLog.Web.AspNetCore
2021-03-30 10:44:49.5223 Info Adding target FileTarget(Name=debug-all)
2021-03-30 10:44:49.5223 Info Adding target ConsoleTarget(Name=Console)
2021-03-30 10:44:49.7069 Info Validating config: TargetNames=debug-all, Console, ConfigItems=28, FilePath=F:\Projects\Github\THSRLazyBird\THSRCrawler\bin\Debug\net5.0\NLog.config
2021-03-30 Info 查無訂位紀錄或您的訂位紀錄不適用於本系統查詢
2021-03-30 Fatal 查無訂位紀錄或您的訂位紀錄不適用於本系統查詢
2021-03-30 Info {"Guid":"64b79e76-8536-40ca-9504-856035ba8326","Url":"https://notify-api.line.me/api/notify","Method":{"Method":"POST"},"Headers":[{"Key":"Authorization","Value":["Bearer wSEVcE1B0nowsru1rYHcq1Nl82yY4EJAqJAZViEGfah"]}],"Content":{"Headers":[{"Key":"Content-Type","Value":["application/x-www-form-urlencoded"]}]},"Query":{"message":"\r\n\r\n高鐵頁面錯誤訊息查無訂位紀錄或您的訂位紀錄不適用於本系統查詢"}}
2021-03-30 Info Start processing HTTP request POST https://notify-api.line.me/api/notify
2021-03-30 Info Sending HTTP request POST https://notify-api.line.me/api/notify
2021-03-30 Info Received HTTP response headers after 350.3307ms - 401
2021-03-30 Info End processing HTTP request after 376.8403ms - 401
Unhandled exception. THSRCrawler.CritialPageErrorException: 查無訂位紀錄或您的訂位紀錄不適用於本系統查詢
   at THSRCrawler.HTMLParser.CheckPageError(IHtmlDocument dom) in F:\Projects\Github\THSRLazyBird\THSRCrawler\Crawler\HTMLParser.cs:line 111
   at THSRCrawler.HTMLParser.GetOrderInformation(String html) in F:\Projects\Github\THSRLazyBird\THSRCrawler\Crawler\HTMLParser.cs:line 34
   at THSRCrawler.Crawler.post_search_order_form(String IdCard, String OrderId) in F:\Projects\Github\THSRLazyBird\THSRCrawler\Crawler\Crawler.cs:line 65
   at THSRCrawler.Crawler.init() in F:\Projects\Github\THSRLazyBird\THSRCrawler\Crawler\Crawler.cs:line 40
   at THSRCrawler.Program.Main(String[] args) in F:\Projects\Github\THSRLazyBird\THSRCrawler\Program.cs:line 34
2021-03-30 10:45:01.6788 Info Shutdown() called. Logger closing...
2021-03-30 10:45:01.6788 Info Closing old configuration.
2021-03-30 10:45:01.7173 Info Logger has been closed down.
