2021-03-30 14:16:57.2525 Info Message Template Auto Format enabled
2021-03-30 14:16:57.3053 Info Loading assembly: NLog.Web.AspNetCore
2021-03-30 14:16:57.4155 Info Adding target FileTarget(Name=debug-all)
2021-03-30 14:16:57.4155 Info Adding target ConsoleTarget(Name=Console)
2021-03-30 14:16:57.5261 Info Validating config: TargetNames=debug-all, Console, ConfigItems=34, FilePath=F:\Projects\Github\THSRLazyBird\THSRCrawler\bin\Debug\net5.0\NLog.config
info: LexLibrary.Line.NotifyBot.LineNotifyBotApi[0]
      {"Guid":"44f80514-53a0-494e-a6b3-d94c67cb45da","Url":null,"Method":{"Method":"POST"},"Headers":[{"Key":"Authorization","Value":["Bearer GlGQ0MWesGjJH60qGeOFaoOmnQDiWl8QCSS7ZiMV8Xs"]}],"Content":{"Headers":[{"Key":"Content-Type","Value":["application/x-www-form-urlencoded"]}]},"Query":{"message":"\r\n\r\n:\r\n搶票模式設定為 2021/03/30 11:24:30 啟動\r\n搶票模式已啟動"}}
2021-03-30 Info 此訂位代號:02914766 無法變更行程
2021-03-30 Info User profile is available. Using 'C:\Users\yich.lin\AppData\Local\ASP.NET\DataProtection-Keys' as key repository and Windows DPAPI to encrypt keys at rest.
2021-03-30 Info Start running `THSRCrawler.ModifyTripJob` task @ 2021/3/30 上午 06:17:04.
2021-03-30 Info Start running `THSRCrawler.ModifyTripJob` task @ 2021/3/30 上午 06:17:04.
2021-03-30 Info Ignoring `THSRCrawler.ModifyTripJob` task. It's still running.
2021-03-30 Info Ignoring `THSRCrawler.ModifyTripJob` task. It's still running.
2021-03-30 Info Ignoring `THSRCrawler.ModifyTripJob` task. It's still running.
2021-03-30 Info Ignoring `THSRCrawler.ModifyTripJob` task. It's still running.
2021-03-30 Info Ignoring `THSRCrawler.ModifyTripJob` task. It's still running.
2021-03-30 Info Application started. Press Ctrl+C to shut down.
2021-03-30 Info 此訂位代號:02914766 無法變更行程
2021-03-30 Info Ignoring `THSRCrawler.ModifyTripJob` task. It's still running.
2021-03-30 Info Hosting environment: Development
2021-03-30 Info Finished running `THSRCrawler.ModifyTripJob` task @ 2021/3/30 上午 06:17:04.
2021-03-30 Info Ignoring `THSRCrawler.ModifyTripJob` task. It's still running.
2021-03-30 Info Content root path: F:\Projects\Github\THSRLazyBird\THSRCrawler
2021-03-30 Info Ignoring `THSRCrawler.ModifyTripJob` task. It's still running.
2021-03-30 Info Request starting HTTP/2 GET https://localhost:44312/ - -
2021-03-30 Info Executing endpoint 'THSRCrawler.HomeController.Index (THSRCrawler)'
2021-03-30 Info Route matched with {action = "Index", controller = "Home"}. Executing controller action with signature System.Threading.Tasks.Task`1[Microsoft.AspNetCore.Mvc.IActionResult] Index(System.String) on controller THSRCrawler.HomeController (THSRCrawler).
2021-03-30 Info Start running `THSRCrawler.ModifyTripJob` task @ 2021/3/30 上午 06:17:16.
2021-03-30 Info Ignoring `THSRCrawler.ModifyTripJob` task. It's still running.
2021-03-30 Info Ignoring `THSRCrawler.ModifyTripJob` task. It's still running.
2021-03-30 Info 此訂位代號:02914766 無法變更行程
2021-03-30 Info Ignoring `THSRCrawler.ModifyTripJob` task. It's still running.
2021-03-30 Info Finished running `THSRCrawler.ModifyTripJob` task @ 2021/3/30 上午 06:17:04.
2021-03-30 Info Executing ViewResult, running view Index.
2021-03-30 Info 此訂位代號:02914766 無法變更行程
2021-03-30 Info Finished running `THSRCrawler.ModifyTripJob` task @ 2021/3/30 上午 06:17:16.
2021-03-30 Info Executed ViewResult - view Index executed in 263.2509ms.
2021-03-30 Info Executed action THSRCrawler.HomeController.Index (THSRCrawler) in 5032.9156ms
2021-03-30 Info Executed endpoint 'THSRCrawler.HomeController.Index (THSRCrawler)'
2021-03-30 Info Request finished HTTP/2 GET https://localhost:44312/ - - - 200 - text/html;+charset=utf-8 5139.2332ms
2021-03-30 Info Start running `THSRCrawler.ModifyTripJob` task @ 2021/3/30 上午 06:17:19.
2021-03-30 Info 此訂位代號:02914766 無法變更行程
2021-03-30 Info Finished running `THSRCrawler.ModifyTripJob` task @ 2021/3/30 上午 06:17:19.
2021-03-30 Info Start running `THSRCrawler.ModifyTripJob` task @ 2021/3/30 上午 06:17:20.
2021-03-30 Info 此訂位代號:02914766 無法變更行程
2021-03-30 Info Finished running `THSRCrawler.ModifyTripJob` task @ 2021/3/30 上午 06:17:20.
2021-03-30 Info Start running `THSRCrawler.ModifyTripJob` task @ 2021/3/30 上午 06:17:21.
2021-03-30 Info 此訂位代號:02914766 無法變更行程
2021-03-30 Info Finished running `THSRCrawler.ModifyTripJob` task @ 2021/3/30 上午 06:17:21.
2021-03-30 Info Start running `THSRCrawler.ModifyTripJob` task @ 2021/3/30 上午 06:17:22.
2021-03-30 Info 此訂位代號:02914766 無法變更行程
2021-03-30 Info Finished running `THSRCrawler.ModifyTripJob` task @ 2021/3/30 上午 06:17:22.
2021-03-30 Info Start running `THSRCrawler.ModifyTripJob` task @ 2021/3/30 上午 06:17:23.
2021-03-30 Info 此訂位代號:02914766 無法變更行程
2021-03-30 Info Finished running `THSRCrawler.ModifyTripJob` task @ 2021/3/30 上午 06:17:23.
2021-03-30 Info Start running `THSRCrawler.ModifyTripJob` task @ 2021/3/30 上午 06:17:24.
2021-03-30 Info 此訂位代號:02914766 無法變更行程
2021-03-30 Info Finished running `THSRCrawler.ModifyTripJob` task @ 2021/3/30 上午 06:17:24.
2021-03-30 Info Start running `THSRCrawler.ModifyTripJob` task @ 2021/3/30 上午 06:17:25.
2021-03-30 Info 此訂位代號:02914766 無法變更行程
2021-03-30 Info Finished running `THSRCrawler.ModifyTripJob` task @ 2021/3/30 上午 06:17:25.
2021-03-30 Info Start running `THSRCrawler.ModifyTripJob` task @ 2021/3/30 上午 06:17:26.
2021-03-30 Info 此訂位代號:02914766 無法變更行程
2021-03-30 Info Finished running `THSRCrawler.ModifyTripJob` task @ 2021/3/30 上午 06:17:26.
2021-03-30 Info Start running `THSRCrawler.ModifyTripJob` task @ 2021/3/30 上午 06:17:27.
2021-03-30 Info 此訂位代號:02914766 無法變更行程
2021-03-30 Info Finished running `THSRCrawler.ModifyTripJob` task @ 2021/3/30 上午 06:17:27.
2021-03-30 Info Start running `THSRCrawler.ModifyTripJob` task @ 2021/3/30 上午 06:17:28.
2021-03-30 Info 此訂位代號:02914766 無法變更行程
2021-03-30 Info Finished running `THSRCrawler.ModifyTripJob` task @ 2021/3/30 上午 06:17:28.
2021-03-30 Info Start running `THSRCrawler.ModifyTripJob` task @ 2021/3/30 上午 06:17:29.
2021-03-30 Info 此訂位代號:02914766 無法變更行程
2021-03-30 Info Finished running `THSRCrawler.ModifyTripJob` task @ 2021/3/30 上午 06:17:29.
2021-03-30 Info Start running `THSRCrawler.ModifyTripJob` task @ 2021/3/30 上午 06:17:30.
2021-03-30 Info Ignoring `THSRCrawler.ModifyTripJob` task. It's still running.
2021-03-30 Info Ignoring `THSRCrawler.ModifyTripJob` task. It's still running.
2021-03-30 Info Ignoring `THSRCrawler.ModifyTripJob` task. It's still running.
2021-03-30 Info Ignoring `THSRCrawler.ModifyTripJob` task. It's still running.
2021-03-30 Info Ignoring `THSRCrawler.ModifyTripJob` task. It's still running.
2021-03-30 Info Ignoring `THSRCrawler.ModifyTripJob` task. It's still running.
2021-03-30 Info Ignoring `THSRCrawler.ModifyTripJob` task. It's still running.
2021-03-30 Info Ignoring `THSRCrawler.ModifyTripJob` task. It's still running.
2021-03-30 14:17:39.8609 Info FileTarget(Name=debug-all): Archiving F:\Projects\Github\THSRLazyBird\THSRCrawler\bin\Debug\net5.0\logs\log.Info.2021-03-30.txt to F:\Projects\Github\THSRLazyBird\THSRCrawler\bin\Debug\net5.0\logs\archives\Info\log.00000.txt
2021-03-30 Info Ignoring `THSRCrawler.ModifyTripJob` task. It's still running.
2021-03-30 Info Ignoring `THSRCrawler.ModifyTripJob` task. It's still running.
2021-03-30 Info Ignoring `THSRCrawler.ModifyTripJob` task. It's still running.
2021-03-30 Info Ignoring `THSRCrawler.ModifyTripJob` task. It's still running.
2021-03-30 Info Ignoring `THSRCrawler.ModifyTripJob` task. It's still running.
2021-03-30 Info Ignoring `THSRCrawler.ModifyTripJob` task. It's still running.
2021-03-30 Info Ignoring `THSRCrawler.ModifyTripJob` task. It's still running.
2021-03-30 Info Ignoring `THSRCrawler.ModifyTripJob` task. It's still running.
2021-03-30 Info Ignoring `THSRCrawler.ModifyTripJob` task. It's still running.
2021-03-30 Info Ignoring `THSRCrawler.ModifyTripJob` task. It's still running.
2021-03-30 Info Ignoring `THSRCrawler.ModifyTripJob` task. It's still running.
2021-03-30 Info Ignoring `THSRCrawler.ModifyTripJob` task. It's still running.
2021-03-30 Info Ignoring `THSRCrawler.ModifyTripJob` task. It's still running.
2021-03-30 Info Ignoring `THSRCrawler.ModifyTripJob` task. It's still running.
2021-03-30 Info Ignoring `THSRCrawler.ModifyTripJob` task. It's still running.
2021-03-30 Info Ignoring `THSRCrawler.ModifyTripJob` task. It's still running.
2021-03-30 Info Ignoring `THSRCrawler.ModifyTripJob` task. It's still running.
2021-03-30 Info Ignoring `THSRCrawler.ModifyTripJob` task. It's still running.
2021-03-30 Info Ignoring `THSRCrawler.ModifyTripJob` task. It's still running.
2021-03-30 Info Ignoring `THSRCrawler.ModifyTripJob` task. It's still running.
2021-03-30 Info Ignoring `THSRCrawler.ModifyTripJob` task. It's still running.
2021-03-30 Info Ignoring `THSRCrawler.ModifyTripJob` task. It's still running.
2021-03-30 Info Ignoring `THSRCrawler.ModifyTripJob` task. It's still running.
2021-03-30 Info Ignoring `THSRCrawler.ModifyTripJob` task. It's still running.
2021-03-30 Info Ignoring `THSRCrawler.ModifyTripJob` task. It's still running.
2021-03-30 Info Ignoring `THSRCrawler.ModifyTripJob` task. It's still running.
2021-03-30 Info Ignoring `THSRCrawler.ModifyTripJob` task. It's still running.
2021-03-30 Info Ignoring `THSRCrawler.ModifyTripJob` task. It's still running.
2021-03-30 Info Ignoring `THSRCrawler.ModifyTripJob` task. It's still running.
2021-03-30 Info Ignoring `THSRCrawler.ModifyTripJob` task. It's still running.
2021-03-30 Info Ignoring `THSRCrawler.ModifyTripJob` task. It's still running.
2021-03-30 Info Ignoring `THSRCrawler.ModifyTripJob` task. It's still running.
2021-03-30 Info Ignoring `THSRCrawler.ModifyTripJob` task. It's still running.
2021-03-30 Info Ignoring `THSRCrawler.ModifyTripJob` task. It's still running.
2021-03-30 Info Ignoring `THSRCrawler.ModifyTripJob` task. It's still running.
2021-03-30 Info Ignoring `THSRCrawler.ModifyTripJob` task. It's still running.
2021-03-30 Info Ignoring `THSRCrawler.ModifyTripJob` task. It's still running.
2021-03-30 Info Ignoring `THSRCrawler.ModifyTripJob` task. It's still running.
2021-03-30 Info Ignoring `THSRCrawler.ModifyTripJob` task. It's still running.
2021-03-30 Info Ignoring `THSRCrawler.ModifyTripJob` task. It's still running.
2021-03-30 Info Ignoring `THSRCrawler.ModifyTripJob` task. It's still running.
2021-03-30 Info Ignoring `THSRCrawler.ModifyTripJob` task. It's still running.
2021-03-30 Info Ignoring `THSRCrawler.ModifyTripJob` task. It's still running.
2021-03-30 Info Ignoring `THSRCrawler.ModifyTripJob` task. It's still running.
2021-03-30 Info Ignoring `THSRCrawler.ModifyTripJob` task. It's still running.
2021-03-30 Info Ignoring `THSRCrawler.ModifyTripJob` task. It's still running.
2021-03-30 Info Ignoring `THSRCrawler.ModifyTripJob` task. It's still running.
2021-03-30 Info Ignoring `THSRCrawler.ModifyTripJob` task. It's still running.
2021-03-30 Info Ignoring `THSRCrawler.ModifyTripJob` task. It's still running.
2021-03-30 Info Ignoring `THSRCrawler.ModifyTripJob` task. It's still running.
2021-03-30 Info Ignoring `THSRCrawler.ModifyTripJob` task. It's still running.
2021-03-30 Info Ignoring `THSRCrawler.ModifyTripJob` task. It's still running.
2021-03-30 Info Ignoring `THSRCrawler.ModifyTripJob` task. It's still running.
2021-03-30 Info Ignoring `THSRCrawler.ModifyTripJob` task. It's still running.
2021-03-30 Info Ignoring `THSRCrawler.ModifyTripJob` task. It's still running.
2021-03-30 Info Ignoring `THSRCrawler.ModifyTripJob` task. It's still running.
2021-03-30 Info Ignoring `THSRCrawler.ModifyTripJob` task. It's still running.
2021-03-30 Info Ignoring `THSRCrawler.ModifyTripJob` task. It's still running.
2021-03-30 Info Ignoring `THSRCrawler.ModifyTripJob` task. It's still running.
2021-03-30 Info Ignoring `THSRCrawler.ModifyTripJob` task. It's still running.
2021-03-30 Info Ignoring `THSRCrawler.ModifyTripJob` task. It's still running.
2021-03-30 Info Ignoring `THSRCrawler.ModifyTripJob` task. It's still running.
2021-03-30 Info Ignoring `THSRCrawler.ModifyTripJob` task. It's still running.
2021-03-30 Info Ignoring `THSRCrawler.ModifyTripJob` task. It's still running.
2021-03-30 Info Ignoring `THSRCrawler.ModifyTripJob` task. It's still running.
2021-03-30 Info Ignoring `THSRCrawler.ModifyTripJob` task. It's still running.
2021-03-30 Info Ignoring `THSRCrawler.ModifyTripJob` task. It's still running.
2021-03-30 Info Ignoring `THSRCrawler.ModifyTripJob` task. It's still running.
2021-03-30 Info Ignoring `THSRCrawler.ModifyTripJob` task. It's still running.
2021-03-30 Info Ignoring `THSRCrawler.ModifyTripJob` task. It's still running.
2021-03-30 Info Ignoring `THSRCrawler.ModifyTripJob` task. It's still running.
2021-03-30 Info Ignoring `THSRCrawler.ModifyTripJob` task. It's still running.
2021-03-30 Info Ignoring `THSRCrawler.ModifyTripJob` task. It's still running.
2021-03-30 Info Ignoring `THSRCrawler.ModifyTripJob` task. It's still running.
2021-03-30 Info Ignoring `THSRCrawler.ModifyTripJob` task. It's still running.
2021-03-30 Info Ignoring `THSRCrawler.ModifyTripJob` task. It's still running.
2021-03-30 14:18:55.8704 Info FileTarget(Name=debug-all): Archiving F:\Projects\Github\THSRLazyBird\THSRCrawler\bin\Debug\net5.0\logs\log.Info.2021-03-30.txt to F:\Projects\Github\THSRLazyBird\THSRCrawler\bin\Debug\net5.0\logs\archives\Info\log.00001.txt
2021-03-30 Info Ignoring `THSRCrawler.ModifyTripJob` task. It's still running.
2021-03-30 Info Ignoring `THSRCrawler.ModifyTripJob` task. It's still running.
2021-03-30 Info Ignoring `THSRCrawler.ModifyTripJob` task. It's still running.
2021-03-30 Info Ignoring `THSRCrawler.ModifyTripJob` task. It's still running.
2021-03-30 Info Ignoring `THSRCrawler.ModifyTripJob` task. It's still running.
2021-03-30 Info Ignoring `THSRCrawler.ModifyTripJob` task. It's still running.
2021-03-30 Info Ignoring `THSRCrawler.ModifyTripJob` task. It's still running.
2021-03-30 Info Ignoring `THSRCrawler.ModifyTripJob` task. It's still running.
2021-03-30 Info Ignoring `THSRCrawler.ModifyTripJob` task. It's still running.
2021-03-30 Info Ignoring `THSRCrawler.ModifyTripJob` task. It's still running.
2021-03-30 Info Ignoring `THSRCrawler.ModifyTripJob` task. It's still running.
2021-03-30 Info Ignoring `THSRCrawler.ModifyTripJob` task. It's still running.
2021-03-30 Info Ignoring `THSRCrawler.ModifyTripJob` task. It's still running.
2021-03-30 Info Ignoring `THSRCrawler.ModifyTripJob` task. It's still running.
2021-03-30 Info Ignoring `THSRCrawler.ModifyTripJob` task. It's still running.
2021-03-30 Info Ignoring `THSRCrawler.ModifyTripJob` task. It's still running.
2021-03-30 Fatal Failed running THSRCrawler.ModifyTripJob
2021-03-30 Info Start running `THSRCrawler.ModifyTripJob` task @ 2021/3/30 上午 06:19:11.
2021-03-30 Info Ignoring `THSRCrawler.ModifyTripJob` task. It's still running.
2021-03-30 Info Ignoring `THSRCrawler.ModifyTripJob` task. It's still running.
2021-03-30 Info Ignoring `THSRCrawler.ModifyTripJob` task. It's still running.
2021-03-30 Info Ignoring `THSRCrawler.ModifyTripJob` task. It's still running.
2021-03-30 Info Ignoring `THSRCrawler.ModifyTripJob` task. It's still running.
2021-03-30 Info Ignoring `THSRCrawler.ModifyTripJob` task. It's still running.
2021-03-30 Info Ignoring `THSRCrawler.ModifyTripJob` task. It's still running.
2021-03-30 Info Ignoring `THSRCrawler.ModifyTripJob` task. It's still running.
2021-03-30 Info Ignoring `THSRCrawler.ModifyTripJob` task. It's still running.
2021-03-30 Info Ignoring `THSRCrawler.ModifyTripJob` task. It's still running.
2021-03-30 Info Ignoring `THSRCrawler.ModifyTripJob` task. It's still running.
2021-03-30 Info Ignoring `THSRCrawler.ModifyTripJob` task. It's still running.
2021-03-30 Info Ignoring `THSRCrawler.ModifyTripJob` task. It's still running.
2021-03-30 Info Ignoring `THSRCrawler.ModifyTripJob` task. It's still running.
2021-03-30 Info Ignoring `THSRCrawler.ModifyTripJob` task. It's still running.
2021-03-30 Info Ignoring `THSRCrawler.ModifyT