2021-03-30 14:47:07.2150 Info Message Template Auto Format enabled
2021-03-30 14:47:07.2478 Info Loading assembly: NLog.Web.AspNetCore
2021-03-30 14:47:07.3726 Info Adding target FileTarget(Name=debug-all)
2021-03-30 14:47:07.3726 Info Adding target ConsoleTarget(Name=Console)
2021-03-30 14:47:07.4944 Info Validating config: TargetNames=debug-all, Console, ConfigItems=34, FilePath=F:\Projects\Github\THSRLazyBird\THSRCrawler\bin\Debug\net5.0\NLog.config
info: LexLibrary.Line.NotifyBot.LineNotifyBotApi[0]
      {"Guid":"95a61d29-0e29-4f66-8ffe-68016d522649","Url":null,"Method":{"Method":"POST"},"Headers":[{"Key":"Authorization","Value":["Bearer GlGQ0MWesGjJH60qGeOFaoOmnQDiWl8QCSS7ZiMV8Xs"]}],"Content":{"Headers":[{"Key":"Content-Type","Value":["application/x-www-form-urlencoded"]}]},"Query":{"message":"\r\n\r\n:\r\n搶票模式設定為 2021/03/30 11:24:30 啟動\r\n搶票模式已啟動"}}
2021-03-30 Info User profile is available. Using 'C:\Users\yich.lin\AppData\Local\ASP.NET\DataProtection-Keys' as key repository and Windows DPAPI to encrypt keys at rest.
2021-03-30 Info Application started. Press Ctrl+C to shut down.
2021-03-30 Info Hosting environment: Development
2021-03-30 Info Content root path: F:\Projects\Github\THSRLazyBird\THSRCrawler
2021-03-30 Info Request starting HTTP/2 GET https://localhost:44312/ - -
2021-03-30 Info Executing endpoint 'THSRCrawler.HomeController.Index (THSRCrawler)'
2021-03-30 Info Route matched with {action = "Index", controller = "Home"}. Executing controller action with signature System.Threading.Tasks.Task`1[Microsoft.AspNetCore.Mvc.IActionResult] Index(System.String) on controller THSRCrawler.HomeController (THSRCrawler).
2021-03-30 Info Executing ViewResult, running view Index.
2021-03-30 Info Executed ViewResult - view Index executed in 289.1139ms.
2021-03-30 Info Executed action THSRCrawler.HomeController.Index (THSRCrawler) in 551.9741ms
2021-03-30 Info Executed endpoint 'THSRCrawler.HomeController.Index (THSRCrawler)'
2021-03-30 Info Request finished HTTP/2 GET https://localhost:44312/ - - - 200 - text/html;+charset=utf-8 675.1567ms
2021-03-30 Info Start running `THSRCrawler.ModifyTripJob` task @ 2021/3/30 上午 06:47:13.
2021-03-30 Info Finished running `THSRCrawler.ModifyTripJob` task @ 2021/3/30 上午 06:47:13.
2021-03-30 Info Start running `THSRCrawler.ModifyTripJob` task @ 2021/3/30 上午 06:47:14.
2021-03-30 Info Finished running `THSRCrawler.ModifyTripJob` task @ 2021/3/30 上午 06:47:14.
2021-03-30 Info Start running `THSRCrawler.ModifyTripJob` task @ 2021/3/30 上午 06:47:15.
2021-03-30 Info Finished running `THSRCrawler.ModifyTripJob` task @ 2021/3/30 上午 06:47:15.
2021-03-30 Info Start running `THSRCrawler.ModifyTripJob` task @ 2021/3/30 上午 06:47:16.
2021-03-30 Info Finished running `THSRCrawler.ModifyTripJob` task @ 2021/3/30 上午 06:47:16.
2021-03-30 Info Start running `THSRCrawler.ModifyTripJob` task @ 2021/3/30 上午 06:47:17.
2021-03-30 Info Finished running `THSRCrawler.ModifyTripJob` task @ 2021/3/30 上午 06:47:17.
2021-03-30 Info Start running `THSRCrawler.ModifyTripJob` task @ 2021/3/30 上午 06:47:18.
2021-03-30 Info Finished running `THSRCrawler.ModifyTripJob` task @ 2021/3/30 上午 06:47:18.
2021-03-30 Info Start running `THSRCrawler.ModifyTripJob` task @ 2021/3/30 上午 06:47:19.
2021-03-30 Info Finished running `THSRCrawler.ModifyTripJob` task @ 2021/3/30 上午 06:47:19.
2021-03-30 Info Start running `THSRCrawler.ModifyTripJob` task @ 2021/3/30 上午 06:47:20.
2021-03-30 Info Finished running `THSRCrawler.ModifyTripJob` task @ 2021/3/30 上午 06:47:20.
2021-03-30 Info Start running `THSRCrawler.ModifyTripJob` task @ 2021/3/30 上午 06:47:21.
2021-03-30 Info Ignoring `THSRCrawler.ModifyTripJob` task. It's still running.
2021-03-30 Info Ignoring `THSRCrawler.ModifyTripJob` task. It's still running.
2021-03-30 Info Ignoring `THSRCrawler.ModifyTripJob` task. It's still running.
2021-03-30 Info Ignoring `THSRCrawler.ModifyTripJob` task. It's still running.
2021-03-30 Info Ignoring `THSRCrawler.ModifyTripJob` task. It's still running.
2021-03-30 Info Ignoring `THSRCrawler.ModifyTripJob` task. It's still running.
2021-03-30 Info Ignoring `THSRCrawler.ModifyTripJob` task. It's still running.
2021-03-30 Info Ignoring `THSRCrawler.ModifyTripJob` task. It's still running.
2021-03-30 Info Ignoring `THSRCrawler.ModifyTripJob` task. It's still running.
2021-03-30 Info Ignoring `THSRCrawler.ModifyTripJob` task. It's still running.
2021-03-30 Info Ignoring `THSRCrawler.ModifyTripJob` task. It's still running.
2021-03-30 Info Ignoring `THSRCrawler.ModifyTripJob` task. It's still running.
2021-03-30 Info Ignoring `THSRCrawler.ModifyTripJob` task. It's still running.
2021-03-30 Info Ignoring `THSRCrawler.ModifyTripJob` task. It's still running.
2021-03-30 Info Ignoring `THSRCrawler.ModifyTripJob` task. It's still running.
2021-03-30 Info Ignoring `THSRCrawler.ModifyTripJob` task. It's still running.
2021-03-30 Info Ignoring `THSRCrawler.ModifyTripJob` task. It's still running.
2021-03-30 Info Ignoring `THSRCrawler.ModifyTripJob` task. It's still running.
2021-03-30 Info Ignoring `THSRCrawler.ModifyTripJob` task. It's still running.
2021-03-30 Info Ignoring `THSRCrawler.ModifyTripJob` task. It's still running.
2021-03-30 Info Ignoring `THSRCrawler.ModifyTripJob` task. It's still running.
2021-03-30 Info Ignoring `THSRCrawler.ModifyTripJob` task. It's still running.
2021-03-30 Info Ignoring `THSRCrawler.ModifyTripJob` task. It's still running.
2021-03-30 Info Ignoring `THSRCrawler.ModifyTripJob` task. It's still running.
2021-03-30 Info Ignoring `THSRCrawler.ModifyTripJob` task. It's still running.
2021-03-30 Info Ignoring `THSRCrawler.ModifyTripJob` task. It's still running.
2021-03-30 Info Ignoring `THSRCrawler.ModifyTripJob` task. It's still running.
2021-03-30 Info Ignoring `THSRCrawler.ModifyTripJob` task. It's still running.
2021-03-30 Info Ignoring `THSRCrawler.ModifyTripJob` task. It's still running.
2021-03-30 Info Ignoring `THSRCrawler.ModifyTripJob` task. It's still running.
2021-03-30 Info Ignoring `THSRCrawler.ModifyTripJob` task. It's still running.
2021-03-30 Info Ignoring `THSRCrawler.ModifyTripJob` task. It's still running.
2021-03-30 Info Ignoring `THSRCrawler.ModifyTripJob` task. It's still running.
2021-03-30 Info Ignoring `THSRCrawler.ModifyTripJob` task. It's still running.
2021-03-30 Info Ignoring `THSRCrawler.ModifyTripJob` task. It's still running.
2021-03-30 Info Ignoring `THSRCrawler.ModifyTripJob` task. It's still running.
2021-03-30 Info Ignoring `THSRCrawler.ModifyTripJob` task. It's still running.
2021-03-30 Info Ignoring `THSRCrawler.ModifyTripJob` task. It's still running.
2021-03-30 Info Ignoring `THSRCrawler.ModifyTripJob` task. It's still running.
2021-03-30 Info Ignoring `THSRCrawler.ModifyTripJob` task. It's still running.
2021-03-30 Info Ignoring `THSRCrawler.ModifyTripJob` task. It's still running.
2021-03-30 Info Ignoring `THSRCrawler.ModifyTripJob` task. It's still running.
2021-03-30 Info Ignoring `THSRCrawler.ModifyTripJob` task. It's still running.
2021-03-30 14:48:05.4306 Info FileTarget(Name=debug-all): Archiving F:\Projects\Github\THSRLazyBird\THSRCrawler\bin\Debug\net5.0\logs\log.Info.2021-03-30.txt to F:\Projects\Github\THSRLazyBird\THSRCrawler\bin\Debug\net5.0\logs\archives\Info\log.00001.txt
2021-03-30 Info Ignoring `THSRCrawler.ModifyTripJob` task. It's still running.
2021-03-30 Info Ignoring `THSRCrawler.ModifyTripJob` task. It's still running.
2021-03-30 Info Ignoring `THSRCrawler.ModifyTripJob` task. It's still running.
2021-03-30 Info Ignoring `THSRCrawler.ModifyTripJob` task. It's still running.
2021-03-30 Info Ignoring `THSRCrawler.ModifyTripJob` task. It's still running.
2021-03-30 Info Ignoring `THSRCrawler.ModifyTripJob` task. It's still running.
2021-03-30 Info Ignoring `THSRCrawler.ModifyTripJob` task. It's still running.
2021-03-30 Info Ignoring `THSRCrawler.ModifyTripJob` task. It's still running.
2021-03-30 Info Ignoring `THSRCrawler.ModifyTripJob` task. It's still running.
2021-03-30 Info Ignoring `THSRCrawler.ModifyTripJob` task. It's still running.
2021-03-30 Info Ignoring `THSRCrawler.ModifyTripJob` task. It's still running.
2021-03-30 Info Ignoring `THSRCrawler.ModifyTripJob` task. It's still running.
2021-03-30 Info Ignoring `THSRCrawler.ModifyTripJob` task. It's still running.
2021-03-30 Info Ignoring `THSRCrawler.ModifyTripJob` task. It's still running.
2021-03-30 Info Ignoring `THSRCrawler.ModifyTripJob` task. It's still running.
2021-03-30 Info Ignoring `THSRCrawler.ModifyTripJob` task. It's still running.
2021-03-30 Info Ignoring `THSRCrawler.ModifyTripJob` task. It's still running.
2021-03-30 Info Ignoring `THSRCrawler.ModifyTripJob` task. It's still running.
2021-03-30 Info Ignoring `THSRCrawler.ModifyTripJob` task. It's still running.
2021-03-30 Info Ignoring `THSRCrawler.ModifyTripJob` task. It's still running.
2021-03-30 Info Ignoring `THSRCrawler.ModifyTripJob` task. It's still running.
2021-03-30 Info Ignoring `THSRCrawler.ModifyTripJob` task. It's still running.
2021-03-30 Info Ignoring `THSRCrawler.ModifyTripJob` task. It's still running.
2021-03-30 Info Ignoring `THSRCrawler.ModifyTripJob` task. It's still running.
2021-03-30 Info Ignoring `THSRCrawler.ModifyTripJob` task. It's still running.
2021-03-30 Info Ignoring `THSRCrawler.ModifyTripJob` task. It's still running.
2021-03-30 Info Ignoring `THSRCrawler.ModifyTripJob` task. It's still running.
2021-03-30 Info Ignoring `THSRCrawler.ModifyTripJob` task. It's still running.
2021-03-30 Info Ignoring `THSRCrawler.ModifyTripJob` task. It's still running.
2021-03-30 Info Ignoring `THSRCrawler.ModifyTripJob` task. It's still running.
2021-03-30 Info Ignoring `THSRCrawler.ModifyTripJob` task. It's still running.
2021-03-30 Info Ignoring `THSRCrawler.ModifyTripJob` task. It's still running.
2021-03-30 Info Ignoring `THSRCrawler.ModifyTripJob` task. It's still running.
2021-03-30 Info Ignoring `THSRCrawler.ModifyTripJob` task. It's still running.
2021-03-30 Info Ignoring `THSRCrawler.ModifyTripJob` task. It's still running.
2021-03-30 Info Ignoring `THSRCrawler.ModifyTripJob` task. It's still running.
2021-03-30 Info Ignoring `THSRCrawler.ModifyTripJob` task. It's still running.
2021-03-30 Info Ignoring `THSRCrawler.ModifyTripJob` task. It's still running.
2021-03-30 Info Ignoring `THSRCrawler.ModifyTripJob` task. It's still running.
2021-03-30 Info Ignoring `THSRCrawler.ModifyTripJob` task. It's still running.
2021-03-30 Info Ignoring `THSRCrawler.ModifyTripJob` task. It's still running.
2021-03-30 Info Ignoring `THSRCrawler.ModifyTripJob` task. It's still running.
2021-03-30 Info Ignoring `THSRCrawler.ModifyTripJob` task. It's still running.
2021-03-30 Info Ignoring `THSRCrawler.ModifyTripJob` task. It's still running.
2021-03-30 Info Ignoring `THSRCrawler.ModifyTripJob` task. It's still running.
2021-03-30 Info Ignoring `THSRCrawler.ModifyTripJob` task. It's still running.
2021-03-30 Info Ignoring `THSRCrawler.ModifyTripJob` task. It's still running.
2021-03-30 Info Ignoring `THSRCrawler.ModifyTripJob` task. It's still running.
2021-03-30 Info Ignoring `THSRCrawler.ModifyTripJob` task. It's still running.
2021-03-30 Info Ignoring `THSRCrawler.ModifyTripJob` task. It's still running.
2021-03-30 Info Ignoring `THSRCrawler.ModifyTripJob` task. It's still running.
2021-03-30 Info Ignoring `THSRCrawler.ModifyTripJob` task. It's still running.
2021-03-30 Info Ignoring `THSRCrawler.ModifyTripJob` task. It's still running.
2021-03-30 Info Ignoring `THSRCrawler.ModifyTripJob` task. It's still running.
2021-03-30 Info Ignoring `THSRCrawler.ModifyTripJob` task. It's still running.
2021-03-30 Info Ignoring `THSRCrawler.ModifyTripJob` task. It's still running.
2021-03-30 Info Ignoring `THSRCrawler.ModifyTripJob` task. It's still running.
2021-03-30 Fatal Failed running THSRCrawler.ModifyTripJob
2021-03-30 Info Start running `THSRCrawler.ModifyTripJob` task @ 2021/3/30 上午 06:49:02.
2021-03-30 Info Ignoring `THSRCrawler.ModifyTripJob` task. It's still running.
2021-03-30 Info Ignoring `THSRCrawler.ModifyTripJob` task. It's still running.
2021-03-30 Info Ignoring `THSRCrawler.ModifyTripJob` task. It's still running.
2021-03-30 Info Ignoring `THSRCrawler.ModifyTripJob` task. It's still running.
2021-03-30 Info Ignoring `THSRCrawler.ModifyTripJob` task. It's still running.
2021-03-30 Info Ignoring `THSRCrawler.ModifyTripJob` task. It's still running.
2021-03-30 Info Ignoring `THSRCrawler.ModifyTripJob` task. It's still running.
2021-03-30 Info Ignoring `THSRCrawler.ModifyTripJob` task. It's still running.
2021-03-30 Info Ignoring `THSRCrawler.ModifyTripJob` task. It's still running.
2021-03-30 Info Ignoring `THSRCrawler.ModifyTripJob` task. It's still running.
2021-03-30 Info Ignoring `THSRCrawler.ModifyTripJob` task. It's still running.
2021-03-30 Info Ignoring `THSRCrawler.ModifyTripJob` task. It's still running.
2021-03-30 Info Ignoring `THSRCrawler.ModifyTripJob` task. It's still running.
2021-03-30 Info Ignoring `THSRCrawler.ModifyTripJob` task. It's still running.
2021-03-30 Info Ignoring `THSRCrawler.ModifyTripJob` task. It's still running.
2021-03-30 Info Ignoring `THSRCrawler.ModifyTripJob` task. It's still running.
2021-03-30 Info Ignoring `THSRCrawler.ModifyTripJob` task. It's still running.
2021-03-30 Info Ignoring `THSRCrawler.ModifyTripJob` task. It's still running.
2021-03-30 14:49:21.4190 Info FileTarget(Name=debug-all): Archiving F:\Projects\Github\THSRLazyBird\THSRCrawler\bin\Debug\net5.0\logs\log.Info.2021-03-30.txt to F:\Projects\Github\THSRLazyBird\THSRCrawler\bin\Debug\net5.0\logs\archives\Info\log.00002.txt
2021-03-30 Info Ignoring `THSRCrawler.ModifyTripJob` task. It's still running.
2021-03-30 Info Ignoring `THSRCrawler.ModifyTripJob` task. It's still running.
2021-03-30 Info Ignoring `THSRCrawler.ModifyTripJob` task. It's still running.
2021-03-30 Info Ignoring `THSRCrawler.ModifyTripJob` task. It's still running.
2021-03-30 Info Ignoring `THSRCrawler.ModifyTripJob` task. It's still running.
2021-03-30 Info Ignoring `THSRCrawler.ModifyTripJob` task. It's still running.
2021-03-30 Info Ignoring `THSRCrawler.ModifyTripJob` task. It's still running.
2021-03-30 Info Ignoring `THSRCrawler.ModifyTripJob` task. It's still running.
2021-03-30 Info Ignoring `THSRCrawler.ModifyTripJob` task. It's still running.
2021-03-30 Info Ignoring `THSRCrawler.ModifyTripJob` task. It's still running.
2021-03-30 Info Ignoring `THSRCrawler.ModifyTripJob` task. It's still running.
2021-03-30 Info Ignoring `THSRCrawler.ModifyTripJob` task. It's still running.
2021-03-30 Info Ignoring `THSRCrawler.ModifyTripJob` task. It's still running.
2021-03-30 Info Ignoring `THSRCrawler.ModifyTripJob` task. It's still running.
2021-03-30 Info Ignoring `THSRCrawler.ModifyTripJob` task. It's still running.
2021-03-30 Info Ignoring `THSRCrawler.ModifyTripJob` task. It's still running.
2021-03-30 Info Ignoring `THSRCrawler.ModifyTripJob` task. It's still running.
2021-03-30 Info Ignoring `THSRCrawler.ModifyTripJob` task. It's still running.
2021-03-30 Info Ignoring `THSRCrawler.ModifyTripJob` task. It's still running.
2021-03-30 Info Ignoring `THSRCrawler.ModifyTripJob` task. It's still running.
2021-03-30 Info Ignoring `THSRCrawler.ModifyTripJob` task. It's still running.
2021-03-30 Info Ignoring `THSRCrawler.ModifyTripJob` task. It's still running.
2021-03-30 Info Ignoring `THSRCrawler.ModifyTripJob` task. It's still running.
2021-03-30 Info Ignoring `THSRCrawler.ModifyTripJob` task. It's still running.
2021-03-30 Info Ignoring `THSRCrawler.ModifyTripJob` task. It's still running.
2021-03-30 Info Ignoring `THSRCrawler.ModifyTripJob` task. It's still running.
2021-03-30 Info Ignoring `THSRCrawler.ModifyTripJob` task. It's still running.
2021-03-30 Info Ignoring `THSRCrawler.ModifyTripJob` task. It's still running.
2021-03-30 Info Ignoring `THSRCrawler.ModifyTripJob` task. It's still running.
2021-03-30 Info Ignoring `THSRCrawler.ModifyTripJob` task. It's still running.
2021-03-30 Info Ignoring `THSRCrawler.ModifyTripJob` task. It's still running.
2021-03-30 Info Ignoring `THSRCrawler.ModifyTripJob` task. It's still running.
2021-03-30 Info Ignoring `THSRCrawler.ModifyTripJob` task. It's still running.
2021-03-30 Info Ignoring `THSRCrawler.ModifyTripJob` task. It's still running.
2021-03-30 Info Ignoring `THSRCrawler.ModifyTripJob` task. It's still running.
2021-03-30 Info Ignoring `THSRCrawler.ModifyTripJob` task. It's still running.
2021-03-30 Info Ignoring `THSRCrawler.ModifyTripJob` task. It's still running.
2021-03-30 Info Ignoring `THSRCrawler.ModifyTripJob` task. It's still running.
2021-03-30 Info Ignoring `THSRCrawler.ModifyTripJob` task. It's still running.
2021-03-30 Info Ignoring `THSRCrawler.ModifyTripJob` task. It's still running.
2021-03-30 Info Ignoring `THSRCrawler.ModifyTripJob` task. It's still running.
2021-03-30 Info Ignoring `THSRCrawler.ModifyTripJob` task. It's still running.
2021-03-30 Info Ignoring `THSRCrawler.ModifyTripJob` task. It's still running.
2021-03-30 Info Ignoring `THSRCrawler.ModifyTripJob` task. It's still running.
2021-03-30 Info Ignoring `THSRCrawler.ModifyTripJob` task. It's still running.
2021-03-30 Info Ignoring `THSRCrawler.ModifyTripJob` task. It's still running.
2021-03-30 Info Ignoring `THSRCrawler.ModifyTripJob` task. It's still running.
2021-03-30 Info Ignoring `THSRCrawler.ModifyTripJob` task. It's still running.
2021-03-30 Info Ignoring `THSRCrawler.ModifyTripJob` task. It's still running.
2021-03-30 Info Ignoring `THSRCrawler.ModifyTripJob` task. It's still running.
2021-03-30 Info Ignoring `THSRCrawler.ModifyTripJob` task. It's still running.
2021-03-30 Info Ignoring `THSRCrawler.ModifyTripJob` task. It's still running.
2021-03-30 Info Ignoring `THSRCrawler.ModifyTripJob` task. It's still running.
2021-03-30 Info Ignoring `THSRCrawler.ModifyTripJob` task. It's still running.
2021-03-30 Info Ignoring `THSRCrawler.ModifyTripJob` task. It's still running.
2021-03-30 Info Ignoring `THSRCrawler.ModifyTripJob` task. It's still running.
2021-03-30 Info Ignoring `THSRCrawler.ModifyTripJob` task. It's still running.
2021-03-30 Info Ignoring `THSRCrawler.ModifyTripJob` task. It's still running.
2021-03-30 Info Ignoring `THSRCrawler.ModifyTripJob` task. It's still running.
2021-03-30 Info Ignoring `THSRCrawler.ModifyTripJob` task. It's still running.
2021-03-30 Info Ignoring `THSRCrawler.ModifyTripJob` task. It's still running.
2021-03-30 Info Ignoring `THSRCrawler.ModifyTripJob` task. It's still running.
2021-03-30 Info Ignoring `THSRCrawler.ModifyTripJob` task. It's still running.
2021-03-30 Info Ignoring `THSRCrawler.ModifyTripJob` task. It's still running.
2021-03-30 Info Ignoring `THSRCrawler.ModifyTripJob` task. It's still running.
2021-03-30 Info Ignoring `THSRCrawler.ModifyTripJob` task. It's still running.
2021-03-30 Info Ignoring `THSRCrawler.ModifyTripJob` task. It's still running.
2021-03-30 Info Ignoring `THSRCrawler.ModifyTripJob` task. It's still running.
2021-03-30 Info Ignoring `THSRCrawler.ModifyTripJob` task. It's still running.
2021-03-30 Info Ignoring `THSRCrawler.ModifyTripJob` task. It's still running.
2021-03-30 Info Ignoring `THSRCrawler.ModifyTripJob` task. It's still running.
2021-03-30 Info Ignoring `THSRCrawler.ModifyTripJob` task. It's still running.
2021-03-30 Info Ignoring `THSRCrawler.ModifyTripJob` task. It's still running.
2021-03-30 Info Ignoring `THSRCrawler.ModifyTripJob` task. It's still running.
2021-03-30 Info Ignoring `THSRCrawler.ModifyTripJob` task. It's still running.
2021-03-30 Info Ignoring `THSRCrawler.ModifyTripJob` task. It's still running.
2021-03-30 14:50:37.4347 Info FileTarget(Name=debug-all): Archiving F:\Projects\Github\THSRLazyBird\THSRCrawler\bin\Debug\net5.0\logs\log.Info.2021-03-30.txt to F:\Projects\Github\THSRLazyBird\THSRCrawler\bin\Debug\net5.0\logs\archives\Info\log.00003.txt
2021-03-30 Info Ignoring `THSRCrawler.ModifyTripJob` task. It's still running.
2021-03-30 Info Ignoring `THSRCrawler.ModifyTripJob` task. It's still running.
2021-03-30 Info Ignoring `THSRCrawler.ModifyTripJob` task. It's still running.
2021-03-30 Info Ignoring `THSRCrawler.ModifyTripJob` task. It's still running.
2021-03-30 Info Ignoring `THSRCrawler.ModifyTripJob` task. It's still running.
2021-03-30 Info Ignoring `THSRCrawler.ModifyTripJob` task. It's still running.
2021-03-30 Fatal Failed running THSRCrawler.ModifyTripJob
2021-03-30 Info Start running `THSRCrawler.ModifyTripJob` task @ 2021/3/30 上午 06:50:43.
2021-03-30 Info Finished running `THSRCrawler.ModifyTripJob` task @ 2021/3/30 上午 06:50:43.
2021-03-30 Info Start running `THSRCrawler.ModifyTripJob` task @ 2021/3/30 上午 06:50:44.
2021-03-30 Info Finished running `THSRCrawler.ModifyTripJob` task @ 2021/3/30 上午 06:50:44.
2021-03-30 Info Start running `THSRCrawler.ModifyTripJob` task @ 2021/3/30 上午 06:50:45.
2021-03-30 Info Finished running `THSRCrawler.ModifyTripJob` task @ 2021/3/30 上午 06:50:45.
2021-03-30 Info Start running `THSRCrawler.ModifyTripJob` task @ 2021/3/30 上午 06:50:46.
2021-03-30 Info Finished running `THSRCrawler.ModifyTripJob` task @ 2021/3/30 上午 06:50:46.
2021-03-30 Info Start running `THSRCrawler.ModifyTripJob` task @ 2021/3/30 上午 06:50:47.
2021-03-30 Info Finished running `THSRCrawler.ModifyTripJob` task @ 2021/3/30 上午 06:50:47.
2021-03-30 Info Start running `THSRCrawler.ModifyTripJob` task @ 2021/3/30 上午 06:50:48.
2021-03-30 Info Finished running `THSRCrawler.ModifyTripJob` task @ 2021/3/30 上午 06:50:48.
2021-03-30 Info Start running `THSRCrawler.ModifyTripJob` task @ 2021/3/30 上午 06:50:49.
2021-03-30 Info Finished running `THSRCrawler.ModifyTripJob` task @ 2021/3/30 上午 06:50:49.
2021-03-30 Info Start running `THSRCrawler.ModifyTripJob` task @ 2021/3/30 上午 06:50:50.
2021-03-30 Info Ignoring `THSRCrawler.ModifyTripJob` task. It's still running.
2021-03-30 Info Ignoring `THSRCrawler.ModifyTripJob` task. It's still running.
2021-03-30 Info Ignoring `THSRCrawler.ModifyTripJob` task. It's still running.
2021-03-30 Info Ignoring `THSRCrawler.ModifyTripJob` task. It's still running.
2021-03-30 Info Ignoring `THSRCrawler.ModifyTripJob` task. It's still running.
2021-03-30 Info Ignoring `THSRCrawler.ModifyTripJob` task. It's still running.
2021-03-30 Info Ignoring `THSRCrawler.ModifyTripJob` task. It's still running.
2021-03-30 Info Ignoring `THSRCrawler.ModifyTripJob` task. It's still running.
2021-03-30 Info Ignoring `THSRCrawler.ModifyTripJob` task. It's still running.
2021-03-30 Info Ignoring `THSRCrawler.ModifyTripJob` task. It's still running.
2021-03-30 Info Ignoring `THSRCrawler.ModifyTripJob` task. It's still running.
2021-03-30 Info Ignoring `THSRCrawler.ModifyTripJob` task. It's still running.
2021-03-30 Info Ignoring `THSRCrawler.ModifyTripJob` task. It's still running.
2021-03-30 Info Ignoring `THSRCrawler.ModifyTripJob` task. It's still running.
2021-03-30 Info Ignoring `THSRCrawler.ModifyTripJob` task. It's still running.
2021-03-30 Info Ignoring `THSRCrawler.ModifyTripJob` task. It's still running.
2021-03-30 Info Ignoring `THSRCrawler.ModifyTripJob` task. It's still running.
2021-03-30 Info Ignoring `THSRCrawler.ModifyTripJob` task. It's still running.
2021-03-30 Info Ignoring `THSRCrawler.ModifyTripJob` task. It's still running.
2021-03-30 Info Ignoring `THSRCrawler.ModifyTripJob` task. It's still running.
2021-03-30 Info Ignoring `THSRCrawler.ModifyTripJob` task. It's still running.
2021-03-30 Info Ignoring `THSRCrawler.ModifyTripJob` task. It's still running.
2021-03-30 Info Ignoring `THSRCrawler.ModifyTripJob` task. It's still running.
2021-03-30 Info Ignoring `THSRCrawler.ModifyTripJob` task. It's still running.
2021-03-30 Info Ignoring `THSRCrawler.ModifyTripJob` task. It's still running.
2021-03-30 Info Ignoring `THSRCrawler.ModifyTripJob` task. It's still running.
2021-03-30 Info Ignoring `THSRCrawler.ModifyTripJob` task. It's still running.
2021-03-30 Info Ignoring `THSRCrawler.ModifyTripJob` task. It's still running.
2021-03-30 Info Ignoring `THSRCrawler.ModifyTripJob` task. It's still running.
2021-03-30 Info Ignoring `THSRCrawler.ModifyTripJob` task. It's still running.
2021-03-30 Info Ignoring `THSRCrawler.ModifyTripJob` task. It's still running.
2021-03-30 Info Ignoring `THSRCrawler.ModifyTripJob` task. It's still running.
2021-03-30 Info Ignoring `THSRCrawler.ModifyTripJob` task. It's still running.
2021-03-30 Info Ignoring `THSRCrawler.ModifyTripJob` task. It's still running.
2021-03-30 Info