[14:47:16.0037][THSRCrawler.HTMLParser][Info] - 請輸入正確之身分證字號 
[14:47:16.1714][THSRCrawler.Program][Error] - 請輸入正確之身分證字號 
[14:48:06.7369][THSRCrawler.HTMLParser][Info] - 請輸入正確之身分證字號 
[14:48:09.7549][THSRCrawler.Program][Error] - 請輸入正確之身分證字號 
[16:27:41.3316][THSRCrawler.Validation][Fatal] - 訂位代號:06201782 設定檔Date欄位格式錯誤， 必須為yyyy/mm/dd 
[16:27:41.4204][THSRCrawler.Program][Fatal] - 訂位代號:06201782 設定檔Date欄位格式錯誤， 必須為yyyy/mm/dd 
[16:28:55.3140][THSRCrawler.Validation][Fatal] - 訂位代號:06201782 日期為過去時間 ，請重新設置 
[16:28:55.3845][THSRCrawler.Program][Fatal] - 訂位代號:06201782 日期為過去時間 ，請重新設置 
[16:29:59.5355][THSRCrawler.Validation][Fatal] - 訂位代號:06201782 設定檔Date欄位格式錯誤， 必須為yyyy/mm/dd 
[16:29:59.6167][THSRCrawler.Program][Fatal] - 訂位代號:06201782 設定檔Date欄位格式錯誤， 必須為yyyy/mm/dd 
[16:32:21.3775][THSRCrawler.Validation][Fatal] - 訂位代號及身份證字號不得為空 
[16:32:21.4588][THSRCrawler.Program][Fatal] - 訂位代號及身份證字號不得為空 
[17:53:32.3828][THSRCrawler.Validation][Fatal] - 訂位代號及身份證字號不得為空 
[17:53:32.4873][THSRCrawler.Program][Fatal] - 訂位代號及身份證字號不得為空 
[17:56:14.4707][Microsoft.AspNetCore.DataProtection.KeyManagement.XmlKeyManager][Info] - User profile is available. Using 'C:\Users\yich.lin\AppData\Local\ASP.NET\DataProtection-Keys' as key repository and Windows DPAPI to encrypt keys at rest. 
[17:56:24.3128][Microsoft.Hosting.Lifetime][Info] - Application started. Press Ctrl+C to shut down. 
[17:56:24.3128][Microsoft.Hosting.Lifetime][Info] - Hosting environment: Development 
[17:56:24.3128][Microsoft.Hosting.Lifetime][Info] - Content root path: F:\Projects\Github\THSRLazyBird\THSRCrawler 
[17:56:24.4118][Microsoft.AspNetCore.Hosting.Diagnostics][Info] - Request starting HTTP/2 GET https://localhost:44312/ - - 
[17:56:24.4518][Microsoft.AspNetCore.Routing.EndpointMiddleware][Info] - Executing endpoint 'THSRCrawler.HomeController.Index (THSRCrawler)' 
[17:56:24.5120][Microsoft.AspNetCore.Mvc.Infrastructure.ControllerActionInvoker][Info] - Route matched with {action = "Index", controller = "Home"}. Executing controller action with signature System.Threading.Tasks.Task`1[Microsoft.AspNetCore.Mvc.IActionResult] Index(System.String) on controller THSRCrawler.HomeController (THSRCrawler). 
[17:56:24.8408][Microsoft.AspNetCore.Mvc.ViewFeatures.ViewResultExecutor][Info] - Executing ViewResult, running view Index. 
[17:56:25.0937][Microsoft.AspNetCore.Mvc.ViewFeatures.ViewResultExecutor][Info] - Executed ViewResult - view Index executed in 258.0269ms. 
[17:56:25.0937][Microsoft.AspNetCore.Mvc.Infrastructure.ControllerActionInvoker][Info] - Executed action THSRCrawler.HomeController.Index (THSRCrawler) in 583.5471ms 
[17:56:25.0937][Microsoft.AspNetCore.Routing.EndpointMiddleware][Info] - Executed endpoint 'THSRCrawler.HomeController.Index (THSRCrawler)' 
[17:56:25.1545][Microsoft.AspNetCore.Hosting.Diagnostics][Info] - Request finished HTTP/2 GET https://localhost:44312/ - - - 200 - text/html;+charset=utf-8 743.7051ms 
[17:56:26.0463][Microsoft.AspNetCore.Hosting.Diagnostics][Info] - Request starting HTTP/2 GET https://localhost:44312/favicon.ico - - 
[17:56:26.0463][Microsoft.AspNetCore.Hosting.Diagnostics][Info] - Request finished HTTP/2 GET https://localhost:44312/favicon.ico - - - 404 - - 6.5048ms 
[17:56:45.7439][Microsoft.AspNetCore.DataProtection.KeyManagement.XmlKeyManager][Info] - User profile is available. Using 'C:\Users\yich.lin\AppData\Local\ASP.NET\DataProtection-Keys' as key repository and Windows DPAPI to encrypt keys at rest. 
[17:56:46.1819][Microsoft.Hosting.Lifetime][Info] - Application started. Press Ctrl+C to shut down. 
[17:56:46.1850][Microsoft.Hosting.Lifetime][Info] - Hosting environment: Development 
[17:56:46.2062][Microsoft.Hosting.Lifetime][Info] - Content root path: F:\Projects\Github\THSRLazyBird\THSRCrawler 
[17:56:46.2378][Microsoft.AspNetCore.Hosting.Diagnostics][Info] - Request starting HTTP/2 GET https://localhost:44312/ - - 
[17:56:46.2684][Microsoft.AspNetCore.Routing.EndpointMiddleware][Info] - Executing endpoint 'THSRCrawler.HomeController.Index (THSRCrawler)' 
[17:56:46.3291][Microsoft.AspNetCore.Mvc.Infrastructure.ControllerActionInvoker][Info] - Route matched with {action = "Index", controller = "Home"}. Executing controller action with signature System.Threading.Tasks.Task`1[Microsoft.AspNetCore.Mvc.IActionResult] Index(System.String) on controller THSRCrawler.HomeController (THSRCrawler). 
[17:56:46.6267][Microsoft.AspNetCore.Mvc.ViewFeatures.ViewResultExecutor][Info] - Executing ViewResult, running view Index. 
[17:56:46.8967][Microsoft.AspNetCore.Mvc.ViewFeatures.ViewResultExecutor][Info] - Executed ViewResult - view Index executed in 275.7883ms. 
[17:56:46.8967][Microsoft.AspNetCore.Mvc.Infrastructure.ControllerActionInvoker][Info] - Executed action THSRCrawler.HomeController.Index (THSRCrawler) in 569.3888ms 
[17:56:46.9049][Microsoft.AspNetCore.Routing.EndpointMiddleware][Info] - Executed endpoint 'THSRCrawler.HomeController.Index (THSRCrawler)' 
[17:56:46.9200][Microsoft.AspNetCore.Hosting.Diagnostics][Info] - Request finished HTTP/2 GET https://localhost:44312/ - - - 200 - text/html;+charset=utf-8 682.9230ms 
[17:57:01.0162][DNTScheduler.Core.ScheduledTasksCoordinator][Info] - Start running `THSRCrawler.ModifyTripJob` task @ 2021/3/29 上午 09:57:01. 
[17:57:01.0162][DNTScheduler.Core.ScheduledTasksCoordinator][Info] - Finished running `THSRCrawler.ModifyTripJob` task @ 2021/3/29 上午 09:57:01. 
[17:57:01.9939][DNTScheduler.Core.ScheduledTasksCoordinator][Info] - Start running `THSRCrawler.ModifyTripJob` task @ 2021/3/29 上午 09:57:01. 
[17:57:02.0025][DNTScheduler.Core.ScheduledTasksCoordinator][Info] - Finished running `THSRCrawler.ModifyTripJob` task @ 2021/3/29 上午 09:57:01. 
[17:57:51.5886][Microsoft.AspNetCore.DataProtection.KeyManagement.XmlKeyManager][Info] - User profile is available. Using 'C:\Users\yich.lin\AppData\Local\ASP.NET\DataProtection-Keys' as key repository and Windows DPAPI to encrypt keys at rest. 
[17:57:51.9662][Microsoft.Hosting.Lifetime][Info] - Application started. Press Ctrl+C to shut down. 
[17:57:51.9662][Microsoft.Hosting.Lifetime][Info] - Hosting environment: Development 
[17:57:51.9876][Microsoft.Hosting.Lifetime][Info] - Content root path: F:\Projects\Github\THSRLazyBird\THSRCrawler 
[17:57:52.0170][Microsoft.AspNetCore.Hosting.Diagnostics][Info] - Request starting HTTP/2 GET https://localhost:44312/ - - 
[17:57:52.0492][Microsoft.AspNetCore.Routing.EndpointMiddleware][Info] - Executing endpoint 'THSRCrawler.HomeController.Index (THSRCrawler)' 
[17:57:52.1018][Microsoft.AspNetCore.Mvc.Infrastructure.ControllerActionInvoker][Info] - Route matched with {action = "Index", controller = "Home"}. Executing controller action with signature System.Threading.Tasks.Task`1[Microsoft.AspNetCore.Mvc.IActionResult] Index(System.String) on controller THSRCrawler.HomeController (THSRCrawler). 
[17:57:52.4280][Microsoft.AspNetCore.Mvc.ViewFeatures.ViewResultExecutor][Info] - Executing ViewResult, running view Index. 
[17:57:52.7023][Microsoft.AspNetCore.Mvc.ViewFeatures.ViewResultExecutor][Info] - Executed ViewResult - view Index executed in 282.6832ms. 
[17:57:52.7023][Microsoft.AspNetCore.Mvc.Infrastructure.ControllerActionInvoker][Info] - Executed action THSRCrawler.HomeController.Index (THSRCrawler) in 601.3926ms 
[17:57:52.7023][Microsoft.AspNetCore.Routing.EndpointMiddleware][Info] - Executed endpoint 'THSRCrawler.HomeController.Index (THSRCrawler)' 
[17:57:52.7236][Microsoft.AspNetCore.Hosting.Diagnostics][Info] - Request finished HTTP/2 GET https://localhost:44312/ - - - 200 - text/html;+charset=utf-8 707.8735ms 
[17:58:01.7842][DNTScheduler.Core.ScheduledTasksCoordinator][Info] - Start running `THSRCrawler.ModifyTripJob` task @ 2021/3/29 上午 09:58:01. 
[17:58:01.7842][DNTScheduler.Core.ScheduledTasksCoordinator][Info] - Finished running `THSRCrawler.ModifyTripJob` task @ 2021/3/29 上午 09:58:01. 
[17:59:17.6595][Microsoft.AspNetCore.DataProtection.KeyManagement.XmlKeyManager][Info] - User profile is available. Using 'C:\Users\yich.lin\AppData\Local\ASP.NET\DataProtection-Keys' as key repository and Windows DPAPI to encrypt keys at rest. 
[17:59:18.2454][Microsoft.Hosting.Lifetime][Info] - Application started. Press Ctrl+C to shut down. 
[17:59:18.2454][Microsoft.Hosting.Lifetime][Info] - Hosting environment: Development 
[17:59:18.2454][Microsoft.Hosting.Lifetime][Info] - Content root path: F:\Projects\Github\THSRLazyBird\THSRCrawler 
[17:59:18.3360][Microsoft.AspNetCore.Hosting.Diagnostics][Info] - Request starting HTTP/2 GET https://localhost:44312/ - - 
[17:59:18.3767][Microsoft.AspNetCore.Routing.EndpointMiddleware][Info] - Executing endpoint 'THSRCrawler.HomeController.Index (THSRCrawler)' 
[17:59:18.4321][Microsoft.AspNetCore.Mvc.Infrastructure.ControllerActionInvoker][Info] - Route matched with {action = "Index", controller = "Home"}. Executing controller action with signature System.Threading.Tasks.Task`1[Microsoft.AspNetCore.Mvc.IActionResult] Index(System.String) on controller THSRCrawler.HomeController (THSRCrawler). 
[17:59:18.7024][Microsoft.AspNetCore.Mvc.ViewFeatures.ViewResultExecutor][Info] - Executing ViewResult, running view Index. 
[17:59:19.0021][Microsoft.AspNetCore.Mvc.ViewFeatures.ViewResultExecutor][Info] - Executed ViewResult - view Index executed in 303.8677ms. 
[17:59:19.0021][Microsoft.AspNetCore.Mvc.Infrastructure.ControllerActionInvoker][Info] - Executed action THSRCrawler.HomeController.Index (THSRCrawler) in 570.2081ms 
[17:59:19.0021][Microsoft.AspNetCore.Routing.EndpointMiddleware][Info] - Executed endpoint 'THSRCrawler.HomeController.Index (THSRCrawler)' 
[17:59:19.0171][Microsoft.AspNetCore.Hosting.Diagnostics][Info] - Request finished HTTP/2 GET https://localhost:44312/ - - - 200 - text/html;+charset=utf-8 682.2051ms 
[18:00:01.9752][DNTScheduler.Core.ScheduledTasksCoordinator][Info] - Start running `THSRCrawler.ModifyTripJob` task @ 2021/3/29 上午 10:00:01. 
[18:00:01.9752][DNTScheduler.Core.ScheduledTasksCoordinator][Info] - Finished running `THSRCrawler.ModifyTripJob` task @ 2021/3/29 上午 10:00:01. 
[18:21:19.3866][THSRCrawler.HTMLParser][Info] - 交易過程發生錯誤，無法完成交易 
[18:38:56.3321][Microsoft.AspNetCore.DataProtection.KeyManagement.XmlKeyManager][Info] - User profile is available. Using 'C:\Users\yich.lin\AppData\Local\ASP.NET\DataProtection-Keys' as key repository and Windows DPAPI to encrypt keys at rest. 
[18:38:56.8173][Microsoft.Hosting.Lifetime][Info] - Application started. Press Ctrl+C to shut down. 
[18:38:56.8173][Microsoft.Hosting.Lifetime][Info] - Hosting environment: Development 
[18:38:56.8173][Microsoft.Hosting.Lifetime][Info] - Content root path: F:\Projects\Github\THSRLazyBird\THSRCrawler 
[18:38:56.8859][Microsoft.AspNetCore.Hosting.Diagnostics][Info] - Request starting HTTP/2 GET https://localhost:44312/ - - 
[18:38:56.9107][Microsoft.AspNetCore.Routing.EndpointMiddleware][Info] - Executing endpoint 'THSRCrawler.HomeController.Index (THSRCrawler)' 
[18:38:56.9649][Microsoft.AspNetCore.Mvc.Infrastructure.ControllerActionInvoker][Info] - Route matched with {action = "Index", controller = "Home"}. Executing controller action with signature System.Threading.Tasks.Task`1[Microsoft.AspNetCore.Mvc.IActionResult] Index(System.String) on controller THSRCrawler.HomeController (THSRCrawler). 
[18:38:57.2821][Microsoft.AspNetCore.Mvc.ViewFeatures.ViewResultExecutor][Info] - Executing ViewResult, running view Index. 
[18:38:57.6085][Microsoft.AspNetCore.Mvc.ViewFeatures.ViewResultExecutor][Info] - Executed ViewResult - view Index executed in 332.923ms. 
[18:38:57.6085][Microsoft.AspNetCore.Mvc.Infrastructure.ControllerActionInvoker][Info] - Executed action THSRCrawler.HomeController.Index (THSRCrawler) in 643.3679ms 
[18:38:57.6160][Microsoft.AspNetCore.Routing.EndpointMiddleware][Info] - Executed endpoint 'THSRCrawler.HomeController.Index (THSRCrawler)' 
[18:38:57.6457][Microsoft.AspNetCore.Hosting.Diagnostics][Info] - Request finished HTTP/2 GET https://localhost:44312/ - - - 200 - text/html;+charset=utf-8 760.9449ms 
[18:39:01.6103][DNTScheduler.Core.ScheduledTasksCoordinator][Info] - Start running `THSRCrawler.ModifyTripJob` task @ 2021/3/29 上午 10:39:01. 
[18:39:01.6178][DNTScheduler.Core.ScheduledTasksCoordinator][Info] - Finished running `THSRCrawler.ModifyTripJob` task @ 2021/3/29 上午 10:39:01. 
[18:40:01.6026][DNTScheduler.Core.ScheduledTasksCoordinator][Info] - Start running `THSRCrawler.ModifyTripJob` task @ 2021/3/29 上午 10:40:01. 
[18:40:01.6320][DNTScheduler.Core.ScheduledTasksCoordinator][Info] - Finished running `THSRCrawler.ModifyTripJob` task @ 2021/3/29 上午 10:40:01. 
[18:40:41.5189][Microsoft.AspNetCore.DataProtection.KeyManagement.XmlKeyManager][Info] - User profile is available. Using 'C:\Users\yich.lin\AppData\Local\ASP.NET\DataProtection-Keys' as key repository and Windows DPAPI to encrypt keys at rest. 
[18:40:41.9128][Microsoft.Hosting.Lifetime][Info] - Application started. Press Ctrl+C to shut down. 
[18:40:41.9128][Microsoft.Hosting.Lifetime][Info] - Hosting environment: Development 
[18:40:41.9342][Microsoft.Hosting.Lifetime][Info] - Content root path: F:\Projects\Github\THSRLazyBird\THSRCrawler 
[18:40:41.9628][Microsoft.AspNetCore.Hosting.Diagnostics][Info] - Request starting HTTP/2 GET https://localhost:44312/ - - 
[18:40:41.9925][Microsoft.AspNetCore.Routing.EndpointMiddleware][Info] - Executing endpoint 'THSRCrawler.HomeController.Index (THSRCrawler)' 
[18:40:42.0436][Microsoft.AspNetCore.Mvc.Infrastructure.ControllerActionInvoker][Info] - Route matched with {action = "Index", controller = "Home"}. Executing controller action with signature System.Threading.Tasks.Task`1[Microsoft.AspNetCore.Mvc.IActionResult] Index(System.String) on controller THSRCrawler.HomeController (THSRCrawler). 
[18:40:42.3198][Microsoft.AspNetCore.Mvc.ViewFeatures.ViewResultExecutor][Info] - Executing ViewResult, running view Index. 
[18:40:42.5912][Microsoft.AspNetCore.Mvc.ViewFeatures.ViewResultExecutor][Info] - Executed ViewResult - view Index executed in 280.2662ms. 
[18:40:42.5912][Microsoft.AspNetCore.Mvc.Infrastructure.ControllerActionInvoker][Info] - Executed action THSRCrawler.HomeController.Index (THSRCrawler) in 547.9781ms 
[18:40:42.5912][Microsoft.AspNetCore.Routing.EndpointMiddleware][Info] - Executed endpoint 'THSRCrawler.HomeController.Index (THSRCrawler)' 
[18:40:42.6113][Microsoft.AspNetCore.Hosting.Diagnostics][Info] - Request finished HTTP/2 GET https://localhost:44312/ - - - 200 - text/html;+charset=utf-8 649.6234ms 
[18:41:01.7465][DNTScheduler.Core.ScheduledTasksCoordinator][Info] - Start running `THSRCrawler.ModifyTripJob` task @ 2021/3/29 上午 10:41:01. 
[18:41:01.7465][DNTScheduler.Core.ScheduledTasksCoordinator][Info] - Finished running `THSRCrawler.ModifyTripJob` task @ 2021/3/29 上午 10:41:01. 
[18:42:24.8580][Microsoft.AspNetCore.DataProtection.KeyManagement.XmlKeyManager][Info] - User profile is available. Using 'C:\Users\yich.lin\AppData\Local\ASP.NET\DataProtection-Keys' as key repository and Windows DPAPI to encrypt keys at rest. 
[18:42:25.4129][Microsoft.Hosting.Lifetime][Info] - Application started. Press Ctrl+C to shut down. 
[18:42:25.4129][Microsoft.Hosting.Lifetime][Info] - Hosting environment: Development 
[18:42:25.4539][Microsoft.Hosting.Lifetime][Info] - Content root path: F:\Projects\Github\THSRLazyBird\THSRCrawler 
[18:42:25.5186][Microsoft.AspNetCore.Hosting.Diagnostics][Info] - Request starting HTTP/2 GET https://localhost:44312/ - - 
[18:42:25.5710][Microsoft.AspNetCore.Routing.EndpointMiddleware][Info] - Executing endpoint 'THSRCrawler.HomeController.Index (THSRCrawler)' 
[18:42:25.6492][Microsoft.AspNetCore.Mvc.Infrastructure.ControllerActionInvoker][Info] - Route matched with {action = "Index", controller = "Home"}. Executing controller action with signature System.Threading.Tasks.Task`1[Microsoft.AspNetCore.Mvc.IActionResult] Index(System.String) on controller THSRCrawler.HomeController (THSRCrawler). 
[18:42:25.9749][Microsoft.AspNetCore.Mvc.ViewFeatures.ViewResultExecutor][Info] - Executing ViewResult, running view Index. 
[18:42:26.2861][Microsoft.AspNetCore.Mvc.ViewFeatures.ViewResultExecutor][Info] - Executed ViewResult - view Index executed in 318.5463ms. 
[18:42:26.2861][Microsoft.AspNetCore.Mvc.Infrastructure.ControllerActionInvoker][Info] - Executed action THSRCrawler.HomeController.Index (THSRCrawler) in 638.7543ms 
[18:42:26.2861][Microsoft.AspNetCore.Routing.EndpointMiddleware][Info] - Executed endpoint 'THSRCrawler.HomeController.Index (THSRCrawler)' 
[18:42:26.3157][Microsoft.AspNetCore.Hosting.Diagnostics][Info] - Request finished HTTP/2 GET https://localhost:44312/ - - - 200 - text/html;+charset=utf-8 798.9646ms 
[18:43:01.1305][DNTScheduler.Core.ScheduledTasksCoordinator][Info] - Start running `THSRCrawler.ModifyTripJob` task @ 2021/3/29 上午 10:43:01. 
[18:43:01.1305][DNTScheduler.Core.ScheduledTasksCoordinator][Info] - Finished running `THSRCrawler.ModifyTripJob` task @ 2021/3/29 上午 10:43:01. 
[18:55:42.7130][THSRCrawler.HTMLParser][Info] - 您選擇的車次可銷售之座位或優惠座位已額滿，請重新操作 
[18:55:42.8940][Microsoft.AspNetCore.DataProtection.KeyManagement.XmlKeyManager][Info] - User profile is available. Using 'C:\Users\yich.lin\AppData\Local\ASP.NET\DataProtection-Keys' as key repository and Windows DPAPI to encrypt keys at rest. 
[18:55:43.1844][Microsoft.Hosting.Lifetime][Info] - Application started. Press Ctrl+C to shut down. 
[18:55:43.1844][Microsoft.Hosting.Lifetime][Info] - Hosting environment: Development 
[18:55:43.1844][Microsoft.Hosting.Lifetime][Info] - Content root path: F:\Projects\Github\THSRLazyBird\THSRCrawler 
[18:55:43.2365][Microsoft.AspNetCore.Hosting.Diagnostics][Info] - Request starting HTTP/2 GET https://localhost:44312/ - - 
[18:55:43.2667][Microsoft.AspNetCore.Routing.EndpointMiddleware][Info] - Executing endpoint 'THSRCrawler.HomeController.Index (THSRCrawler)' 
[18:55:43.3314][Microsoft.AspNetCore.Mvc.Infrastructure.ControllerActionInvoker][Info] - Route matched with {action = "Index", controller = "Home"}. Executing controller action with signature System.Threading.Tasks.Task`1[Microsoft.AspNetCore.Mvc.IActionResult] Index(System.String) on controller THSRCrawler.HomeController (THSRCrawler). 
[18:55:43.5813][Microsoft.AspNetCore.Mvc.ViewFeatures.ViewResultExecutor][Info] - Executing ViewResult, running view Index. 
[18:55:43.8416][Microsoft.AspNetCore.Mvc.ViewFeatures.ViewResultExecutor][Info] - Executed ViewResult - view Index executed in 262.3682ms. 
[18:55:43.8416][Microsoft.AspNetCore.Mvc.Infrastructure.ControllerActionInvoker][Info] - Executed action THSRCrawler.HomeController.Index (THSRCrawler) in 511.8248ms 
[18:55:43.8501][Microsoft.AspNetCore.Routing.EndpointMiddleware][Info] - Executed endpoint 'THSRCrawler.HomeController.Index (THSRCrawler)' 
[18:55:43.8798][Microsoft.AspNetCore.Hosting.Diagnostics][Info] - Request finished HTTP/2 GET https://localhost:44312/ - - - 200 - text/html;+charset=utf-8 644.0398ms 
[18:56:01.0542][DNTScheduler.Core.ScheduledTasksCoordinator][Info] - Start running `THSRCrawler.ModifyTripJob` task @ 2021/3/29 上午 10:56:01. 
[18:56:01.0542][DNTScheduler.Core.ScheduledTasksCoordinator][Info] - Finished running `THSRCrawler.ModifyTripJob` task @ 2021/3/29 上午 10:56:01. 
[18:57:01.0291][DNTScheduler.Core.ScheduledTasksCoordinator][Info] - Start running `THSRCrawler.ModifyTripJob` task @ 2021/3/29 上午 10:57:01. 
[18:57:01.0511][DNTScheduler.Core.ScheduledTasksCoordinator][Info] - Finished running `THSRCrawler.ModifyTripJob` task @ 2021/3/29 上午 10:57:01. 
[18:57:50.4939][THSRCrawler.HTMLParser][Info] - 您選擇的車次可銷售之座位或優惠座位已額滿，請重新操作 
[18:58:16.2223][Microsoft.AspNetCore.DataProtection.KeyManagement.XmlKeyManager][Info] - User profile is available. Using 'C:\Users\yich.lin\AppData\Local\ASP.NET\DataProtection-Keys' as key repository and Windows DPAPI to encrypt keys at rest. 
[18:58:16.5265][Microsoft.Hosting.Lifetime][Info] - Application started. Press Ctrl+C to shut down. 
[18:58:16.5265][Microsoft.Hosting.Lifetime][Info] - Hosting environment: Development 
[18:58:16.5265][Microsoft.Hosting.Lifetime][Info] - Content root path: F:\Projects\Github\THSRLazyBird\THSRCrawler 
[18:58:16.5903][Microsoft.AspNetCore.Hosting.Diagnostics][Info] - Request starting HTTP/2 GET https://localhost:44312/ - - 
[18:58:16.6225][Microsoft.AspNetCore.Routing.EndpointMiddleware][Info] - Executing endpoint 'THSRCrawler.HomeController.Index (THSRCrawler)' 
[18:58:16.6769][Microsoft.AspNetCore.Mvc.Infrastructure.ControllerActionInvoker][Info] - Route matched with {action = "Index", controller = "Home"}. Executing controller action with signature System.Threading.Tasks.Task`1[Microsoft.AspNetCore.Mvc.IActionResult] Index(System.String) on controller THSRCrawler.HomeController (THSRCrawler). 
[18:58:16.9529][Microsoft.AspNetCore.Mvc.ViewFeatures.ViewResultExecutor][Info] - Executing ViewResult, running view Index. 
[18:58:17.2253][Microsoft.AspNetCore.Mvc.ViewFeatures.ViewResultExecutor][Info] - Executed ViewResult - view Index executed in 280.2802ms. 
[18:58:17.2253][Microsoft.AspNetCore.Mvc.Infrastructure.ControllerActionInvoker][Info] - Executed action THSRCrawler.HomeController.Index (THSRCrawler) in 548.3684ms 
[18:58:17.2253][Microsoft.AspNetCore.Routing.EndpointMiddleware][Info] - Executed endpoint 'THSRCrawler.HomeController.Index (THSRCrawler)' 
[18:58:17.2449][Microsoft.AspNetCore.Hosting.Diagnostics][Info] - Request finished HTTP/2 GET https://localhost:44312/ - - - 200 - text/html;+charset=utf-8 655.6058ms 
[18:58:57.3618][THSRCrawler.HTMLParser][Info] - 您選擇的車次可銷售之座位或優惠座位已額滿，請重新操作 
[19:00:28.2177][THSRCrawler.HTMLParser][Info] - 您選擇的車次可銷售之座位或優惠座位已額滿，請重新操作 
[19:00:28.4077][Microsoft.AspNetCore.DataProtection.KeyManagement.XmlKeyManager][Info] - User profile is available. Using 'C:\Users\yich.lin\AppData\Local\ASP.NET\DataProtection-Keys' as key repository and Windows DPAPI to encrypt keys at rest. 
[19:00:28.7517][Microsoft.Hosting.Lifetime][Info] - Application started. Press Ctrl+C to shut down. 
[19:00:28.7517][Microsoft.Hosting.Lifetime][Info] - Hosting environment: Development 
[19:00:28.7517][Microsoft.Hosting.Lifetime][Info] - Content root path: F:\Projects\Github\THSRLazyBird\THSRCrawler 
[19:00:28.8128][Microsoft.AspNetCore.Hosting.Diagnostics][Info] - Request starting HTTP/2 GET https://localhost:44312/ - - 
[19:00:28.8471][Microsoft.AspNetCore.Routing.EndpointMiddleware][Info] - Executing endpoint 'THSRCrawler.HomeController.Index (THSRCrawler)' 
[19:00:28.8986][Microsoft.AspNetCore.Mvc.Infrastructure.ControllerActionInvoker][Info] - Route matched with {action = "Index", controller = "Home"}. Executing controller action with signature System.Threading.Tasks.Task`1[Microsoft.AspNetCore.Mvc.IActionResult] Index(System.String) on controller THSRCrawler.HomeController (THSRCrawler). 
[19:00:29.1560][Microsoft.AspNetCore.Mvc.ViewFeatures.ViewResultExecutor][Info] - Executing ViewResult, running view Index. 
[19:00:29.4324][Microsoft.AspNetCore.Mvc.ViewFeatures.ViewResultExecutor][Info] - Executed ViewResult - view Index executed in 280.3892ms. 
[19:00:29.4324][Microsoft.AspNetCore.Mvc.Infrastructure.ControllerActionInvoker][Info] - Executed action THSRCrawler.HomeController.Index (THSRCrawler) in 535.2889ms 
[19:00:29.4426][Microsoft.AspNetCore.Routing.EndpointMiddleware][Info] - Executed endpoint 'THSRCrawler.HomeController.Index (THSRCrawler)' 
[19:00:29.4604][Microsoft.AspNetCore.Hosting.Diagnostics][Info] - Request finished HTTP/2 GET https://localhost:44312/ - - - 200 - text/html;+charset=utf-8 648.7450ms 
[19:01:01.5729][DNTScheduler.Core.ScheduledTasksCoordinator][Info] - Start running `THSRCrawler.ModifyTripJob` task @ 2021/3/29 上午 11:01:01. 
[19:01:01.5729][DNTScheduler.Core.ScheduledTasksCoordinator][Info] - Finished running `THSRCrawler.ModifyTripJob` task @ 2021/3/29 上午 11:01:01. 
[19:02:01.5684][DNTScheduler.Core.ScheduledTasksCoordinator][Info] - Start running `THSRCrawler.ModifyTripJob` task @ 2021/3/29 上午 11:02:01. 
[19:02:01.5684][DNTScheduler.Core.ScheduledTasksCoordinator][Info] - Finished running `THSRCrawler.ModifyTripJob` task @ 2021/3/29 上午 11:02:01. 
