[10:13:17.9707][Microsoft.AspNetCore.DataProtection.KeyManagement.XmlKeyManager][Info] - User profile is available. Using 'C:\Users\yich.lin\AppData\Local\ASP.NET\DataProtection-Keys' as key repository and Windows DPAPI to encrypt keys at rest. 
[10:19:51.2958][Microsoft.AspNetCore.DataProtection.KeyManagement.XmlKeyManager][Info] - User profile is available. Using 'C:\Users\yich.lin\AppData\Local\ASP.NET\DataProtection-Keys' as key repository and Windows DPAPI to encrypt keys at rest. 
[10:19:52.1664][Microsoft.Hosting.Lifetime][Info] - Application started. Press Ctrl+C to shut down. 
[10:19:52.1664][Microsoft.Hosting.Lifetime][Info] - Hosting environment: Development 
[10:19:52.1664][Microsoft.Hosting.Lifetime][Info] - Content root path: F:\Projects\Github\THSRLazyBird\THSRCrawler 
[10:19:52.2748][Microsoft.AspNetCore.Hosting.Diagnostics][Info] - Request starting HTTP/1.1 GET https://localhost:44312/ - - 
[10:19:52.3206][Microsoft.AspNetCore.Routing.EndpointMiddleware][Info] - Executing endpoint 'THSRCrawler.HomeController.Index (THSRCrawler)' 
[10:19:52.4068][Microsoft.AspNetCore.Mvc.Infrastructure.ControllerActionInvoker][Info] - Route matched with {action = "Index", controller = "Home"}. Executing controller action with signature System.Threading.Tasks.Task`1[Microsoft.AspNetCore.Mvc.IActionResult] Index(System.String) on controller THSRCrawler.HomeController (THSRCrawler). 
[10:19:53.1072][Microsoft.AspNetCore.Mvc.ViewFeatures.ViewResultExecutor][Info] - Executing ViewResult, running view Index. 
[10:19:53.4632][Microsoft.AspNetCore.Mvc.ViewFeatures.ViewResultExecutor][Info] - Executed ViewResult - view Index executed in 364.5993ms. 
[10:19:53.4632][Microsoft.AspNetCore.Mvc.Infrastructure.ControllerActionInvoker][Info] - Executed action THSRCrawler.HomeController.Index (THSRCrawler) in 1056.8476ms 
[10:19:53.4632][Microsoft.AspNetCore.Routing.EndpointMiddleware][Info] - Executed endpoint 'THSRCrawler.HomeController.Index (THSRCrawler)' 
[10:19:53.4793][Microsoft.AspNetCore.Hosting.Diagnostics][Info] - Request finished HTTP/1.1 GET https://localhost:44312/ - - - 200 - text/html;+charset=utf-8 1206.6018ms 
[10:21:27.1006][Microsoft.AspNetCore.DataProtection.KeyManagement.XmlKeyManager][Info] - User profile is available. Using 'C:\Users\yich.lin\AppData\Local\ASP.NET\DataProtection-Keys' as key repository and Windows DPAPI to encrypt keys at rest. 
[10:23:18.5311][Microsoft.AspNetCore.DataProtection.KeyManagement.XmlKeyManager][Info] - User profile is available. Using 'C:\Users\yich.lin\AppData\Local\ASP.NET\DataProtection-Keys' as key repository and Windows DPAPI to encrypt keys at rest. 
[10:23:18.7624][Microsoft.Hosting.Lifetime][Info] - Application started. Press Ctrl+C to shut down. 
[10:23:18.7624][Microsoft.Hosting.Lifetime][Info] - Hosting environment: Development 
[10:23:18.7624][Microsoft.Hosting.Lifetime][Info] - Content root path: F:\Projects\Github\THSRLazyBird\THSRCrawler 
[10:23:18.7964][Microsoft.AspNetCore.Hosting.Diagnostics][Info] - Request starting HTTP/1.1 GET https://localhost:44312/ - - 
[10:23:18.8578][Microsoft.AspNetCore.Routing.EndpointMiddleware][Info] - Executing endpoint 'THSRCrawler.HomeController.Index (THSRCrawler)' 
[10:23:18.9962][Microsoft.AspNetCore.Mvc.Infrastructure.ControllerActionInvoker][Info] - Route matched with {action = "Index", controller = "Home"}. Executing controller action with signature System.Threading.Tasks.Task`1[Microsoft.AspNetCore.Mvc.IActionResult] Index(System.String) on controller THSRCrawler.HomeController (THSRCrawler). 
[10:23:19.2865][Microsoft.AspNetCore.Mvc.ViewFeatures.ViewResultExecutor][Info] - Executing ViewResult, running view Index. 
[10:23:19.4365][Microsoft.AspNetCore.Mvc.ViewFeatures.ViewResultExecutor][Info] - Executed ViewResult - view Index executed in 168.3111ms. 
[10:23:19.4365][Microsoft.AspNetCore.Mvc.Infrastructure.ControllerActionInvoker][Info] - Executed action THSRCrawler.HomeController.Index (THSRCrawler) in 439.7613ms 
[10:23:19.4463][Microsoft.AspNetCore.Routing.EndpointMiddleware][Info] - Executed endpoint 'THSRCrawler.HomeController.Index (THSRCrawler)' 
[10:23:19.4463][Microsoft.AspNetCore.Hosting.Diagnostics][Info] - Request finished HTTP/1.1 GET https://localhost:44312/ - - - 200 - text/html;+charset=utf-8 659.1865ms 
[10:33:05.9562][Microsoft.AspNetCore.DataProtection.KeyManagement.XmlKeyManager][Info] - User profile is available. Using 'C:\Users\yich.lin\AppData\Local\ASP.NET\DataProtection-Keys' as key repository and Windows DPAPI to encrypt keys at rest. 
[10:34:31.7078][Microsoft.AspNetCore.DataProtection.KeyManagement.XmlKeyManager][Info] - User profile is available. Using 'C:\Users\yich.lin\AppData\Local\ASP.NET\DataProtection-Keys' as key repository and Windows DPAPI to encrypt keys at rest. 
[10:49:47.5457][Microsoft.AspNetCore.DataProtection.KeyManagement.XmlKeyManager][Info] - User profile is available. Using 'C:\Users\yich.lin\AppData\Local\ASP.NET\DataProtection-Keys' as key repository and Windows DPAPI to encrypt keys at rest. 
[10:49:50.3681][Microsoft.Hosting.Lifetime][Info] - Application started. Press Ctrl+C to shut down. 
[10:49:50.3681][Microsoft.Hosting.Lifetime][Info] - Hosting environment: Development 
[10:49:50.3793][Microsoft.Hosting.Lifetime][Info] - Content root path: F:\Projects\Github\THSRLazyBird\THSRCrawler 
[10:49:52.9768][Microsoft.AspNetCore.Hosting.Diagnostics][Info] - Request starting HTTP/2 GET https://localhost:44312/ - - 
[10:49:53.0045][Microsoft.AspNetCore.Routing.EndpointMiddleware][Info] - Executing endpoint 'THSRCrawler.HomeController.Index (THSRCrawler)' 
[10:49:53.0888][Microsoft.AspNetCore.Mvc.Infrastructure.ControllerActionInvoker][Info] - Route matched with {action = "Index", controller = "Home"}. Executing controller action with signature System.Threading.Tasks.Task`1[Microsoft.AspNetCore.Mvc.IActionResult] Index(System.String) on controller THSRCrawler.HomeController (THSRCrawler). 
[10:49:58.0158][Microsoft.AspNetCore.Mvc.ViewFeatures.ViewResultExecutor][Info] - Executing ViewResult, running view Index. 
[10:49:58.3870][Microsoft.AspNetCore.Mvc.ViewFeatures.ViewResultExecutor][Info] - Executed ViewResult - view Index executed in 374.1729ms. 
[10:49:58.3870][Microsoft.AspNetCore.Mvc.Infrastructure.ControllerActionInvoker][Info] - Executed action THSRCrawler.HomeController.Index (THSRCrawler) in 5298.6173ms 
[10:49:58.3870][Microsoft.AspNetCore.Routing.EndpointMiddleware][Info] - Executed endpoint 'THSRCrawler.HomeController.Index (THSRCrawler)' 
[10:49:58.4132][Microsoft.AspNetCore.Hosting.Diagnostics][Info] - Request finished HTTP/2 GET https://localhost:44312/ - - - 200 - text/html;+charset=utf-8 5437.0970ms 
[10:50:01.8108][DNTScheduler.Core.ScheduledTasksCoordinator][Info] - Start running `THSRCrawler.ModifyTripJob` task @ 2021/3/24 上午 02:50:01. 
[10:50:01.8108][DNTScheduler.Core.ScheduledTasksCoordinator][Info] - Finished running `THSRCrawler.ModifyTripJob` task @ 2021/3/24 上午 02:50:01. 
[10:51:01.7928][DNTScheduler.Core.ScheduledTasksCoordinator][Info] - Start running `THSRCrawler.ModifyTripJob` task @ 2021/3/24 上午 02:51:01. 
[10:51:01.8010][DNTScheduler.Core.ScheduledTasksCoordinator][Info] - Finished running `THSRCrawler.ModifyTripJob` task @ 2021/3/24 上午 02:51:01. 
[10:52:01.7900][DNTScheduler.Core.ScheduledTasksCoordinator][Info] - Start running `THSRCrawler.ModifyTripJob` task @ 2021/3/24 上午 02:52:01. 
[10:52:01.7900][DNTScheduler.Core.ScheduledTasksCoordinator][Info] - Finished running `THSRCrawler.ModifyTripJob` task @ 2021/3/24 上午 02:52:01. 
[10:53:01.7917][DNTScheduler.Core.ScheduledTasksCoordinator][Info] - Start running `THSRCrawler.ModifyTripJob` task @ 2021/3/24 上午 02:53:01. 
[10:53:01.7917][DNTScheduler.Core.ScheduledTasksCoordinator][Info] - Finished running `THSRCrawler.ModifyTripJob` task @ 2021/3/24 上午 02:53:01. 
[10:54:01.7871][DNTScheduler.Core.ScheduledTasksCoordinator][Info] - Start running `THSRCrawler.ModifyTripJob` task @ 2021/3/24 上午 02:54:01. 
[10:54:01.7871][DNTScheduler.Core.ScheduledTasksCoordinator][Info] - Finished running `THSRCrawler.ModifyTripJob` task @ 2021/3/24 上午 02:54:01. 
[10:55:01.7891][DNTScheduler.Core.ScheduledTasksCoordinator][Info] - Start running `THSRCrawler.ModifyTripJob` task @ 2021/3/24 上午 02:55:01. 
[10:55:01.7891][DNTScheduler.Core.ScheduledTasksCoordinator][Info] - Finished running `THSRCrawler.ModifyTripJob` task @ 2021/3/24 上午 02:55:01. 
[10:56:01.7791][DNTScheduler.Core.ScheduledTasksCoordinator][Info] - Start running `THSRCrawler.ModifyTripJob` task @ 2021/3/24 上午 02:56:01. 
[10:56:01.7791][DNTScheduler.Core.ScheduledTasksCoordinator][Info] - Finished running `THSRCrawler.ModifyTripJob` task @ 2021/3/24 上午 02:56:01. 
[10:57:01.7803][DNTScheduler.Core.ScheduledTasksCoordinator][Info] - Start running `THSRCrawler.ModifyTripJob` task @ 2021/3/24 上午 02:57:01. 
[10:57:01.7883][DNTScheduler.Core.ScheduledTasksCoordinator][Info] - Finished running `THSRCrawler.ModifyTripJob` task @ 2021/3/24 上午 02:57:01. 
[10:58:01.7934][DNTScheduler.Core.ScheduledTasksCoordinator][Info] - Start running `THSRCrawler.ModifyTripJob` task @ 2021/3/24 上午 02:58:01. 
[10:58:01.7934][DNTScheduler.Core.ScheduledTasksCoordinator][Info] - Finished running `THSRCrawler.ModifyTripJob` task @ 2021/3/24 上午 02:58:01. 
